mode: set
github.com/ybarbara/pombo/internal/email/auth.go:20.73,26.2 1 1
github.com/ybarbara/pombo/internal/email/auth.go:29.87,35.2 1 0
github.com/ybarbara/pombo/internal/email/auth.go:38.72,40.2 1 1
github.com/ybarbara/pombo/internal/email/auth.go:43.45,45.2 1 0
github.com/ybarbara/pombo/internal/email/auth.go:48.80,50.2 1 0
github.com/ybarbara/pombo/internal/email/auth.go:53.84,55.2 1 0
github.com/ybarbara/pombo/internal/email/auth.go:58.63,60.2 1 0
github.com/ybarbara/pombo/internal/email/auth.go:63.52,65.2 1 0
github.com/ybarbara/pombo/internal/email/auth.go:77.116,83.2 1 0
github.com/ybarbara/pombo/internal/email/auth.go:86.88,88.16 2 0
github.com/ybarbara/pombo/internal/email/auth.go:88.16,90.3 1 0
github.com/ybarbara/pombo/internal/email/auth.go:92.2,96.8 1 0
github.com/ybarbara/pombo/internal/email/auth.go:100.73,101.20 1 0
github.com/ybarbara/pombo/internal/email/auth.go:101.20,104.17 2 0
github.com/ybarbara/pombo/internal/email/auth.go:104.17,106.4 1 0
github.com/ybarbara/pombo/internal/email/auth.go:107.3,112.4 1 0
github.com/ybarbara/pombo/internal/email/auth.go:116.2,116.52 1 0
github.com/ybarbara/pombo/internal/email/auth.go:116.52,118.17 2 0
github.com/ybarbara/pombo/internal/email/auth.go:118.17,120.4 1 0
github.com/ybarbara/pombo/internal/email/auth.go:122.3,132.78 3 0
github.com/ybarbara/pombo/internal/email/auth.go:132.78,134.4 1 0
github.com/ybarbara/pombo/internal/email/auth.go:137.2,137.12 1 0
github.com/ybarbara/pombo/internal/email/auth.go:141.46,143.2 1 0
github.com/ybarbara/pombo/internal/email/auth.go:146.81,147.47 1 0
github.com/ybarbara/pombo/internal/email/auth.go:147.47,149.3 1 0
github.com/ybarbara/pombo/internal/email/auth.go:151.2,151.20 1 0
github.com/ybarbara/pombo/internal/email/auth.go:151.20,153.3 1 0
github.com/ybarbara/pombo/internal/email/auth.go:155.2,156.61 2 0
github.com/ybarbara/pombo/internal/email/auth.go:156.61,157.39 1 0
github.com/ybarbara/pombo/internal/email/auth.go:157.39,159.4 1 0
github.com/ybarbara/pombo/internal/email/auth.go:162.2,168.8 1 0
github.com/ybarbara/pombo/internal/email/auth.go:172.85,173.20 1 0
github.com/ybarbara/pombo/internal/email/auth.go:173.20,175.3 1 0
github.com/ybarbara/pombo/internal/email/auth.go:177.2,178.16 2 0
github.com/ybarbara/pombo/internal/email/auth.go:178.16,180.3 1 0
github.com/ybarbara/pombo/internal/email/auth.go:182.2,192.77 3 0
github.com/ybarbara/pombo/internal/email/auth.go:192.77,194.3 1 0
github.com/ybarbara/pombo/internal/email/auth.go:196.2,196.24 1 0
github.com/ybarbara/pombo/internal/email/auth.go:200.64,201.20 1 0
github.com/ybarbara/pombo/internal/email/auth.go:201.20,204.17 2 0
github.com/ybarbara/pombo/internal/email/auth.go:204.17,206.4 1 0
github.com/ybarbara/pombo/internal/email/auth.go:207.3,212.4 1 0
github.com/ybarbara/pombo/internal/email/auth.go:215.2,215.24 1 0
github.com/ybarbara/pombo/internal/email/auth.go:219.53,220.20 1 0
github.com/ybarbara/pombo/internal/email/auth.go:220.20,222.3 1 0
github.com/ybarbara/pombo/internal/email/auth.go:223.2,223.24 1 0
github.com/ybarbara/pombo/internal/email/auth.go:227.66,240.2 4 0
github.com/ybarbara/pombo/internal/email/auth.go:248.77,252.2 1 1
github.com/ybarbara/pombo/internal/email/auth.go:255.120,256.9 1 1
github.com/ybarbara/pombo/internal/email/auth.go:257.28,273.75 3 0
github.com/ybarbara/pombo/internal/email/auth.go:273.75,281.4 2 0
github.com/ybarbara/pombo/internal/email/auth.go:283.3,283.23 1 0
github.com/ybarbara/pombo/internal/email/auth.go:285.66,289.21 3 1
github.com/ybarbara/pombo/internal/email/auth.go:289.21,291.4 1 0
github.com/ybarbara/pombo/internal/email/auth.go:293.3,293.39 1 1
github.com/ybarbara/pombo/internal/email/auth.go:293.39,296.18 2 0
github.com/ybarbara/pombo/internal/email/auth.go:296.18,298.5 1 0
github.com/ybarbara/pombo/internal/email/auth.go:299.4,300.29 2 0
github.com/ybarbara/pombo/internal/email/auth.go:303.3,303.55 1 1
github.com/ybarbara/pombo/internal/email/auth.go:305.10,308.17 2 1
github.com/ybarbara/pombo/internal/email/auth.go:308.17,310.4 1 1
github.com/ybarbara/pombo/internal/email/auth.go:312.3,312.67 1 0
github.com/ybarbara/pombo/internal/email/auth.go:317.98,318.25 1 0
github.com/ybarbara/pombo/internal/email/auth.go:319.24,321.17 2 0
github.com/ybarbara/pombo/internal/email/auth.go:321.17,323.4 1 0
github.com/ybarbara/pombo/internal/email/auth.go:324.3,324.51 1 0
github.com/ybarbara/pombo/internal/email/auth.go:324.51,326.4 1 0
github.com/ybarbara/pombo/internal/email/auth.go:328.22,329.29 1 0
github.com/ybarbara/pombo/internal/email/auth.go:329.29,331.4 1 0
github.com/ybarbara/pombo/internal/email/auth.go:333.10,334.76 1 0
github.com/ybarbara/pombo/internal/email/auth.go:337.2,337.12 1 0
github.com/ybarbara/pombo/internal/email/errors.go:27.37,30.21 2 1
github.com/ybarbara/pombo/internal/email/errors.go:30.21,32.3 1 0
github.com/ybarbara/pombo/internal/email/errors.go:33.2,33.23 1 1
github.com/ybarbara/pombo/internal/email/errors.go:33.23,35.3 1 0
github.com/ybarbara/pombo/internal/email/errors.go:36.2,36.18 1 1
github.com/ybarbara/pombo/internal/email/errors.go:36.18,38.3 1 0
github.com/ybarbara/pombo/internal/email/errors.go:40.2,41.20 2 1
github.com/ybarbara/pombo/internal/email/errors.go:41.20,43.3 1 0
github.com/ybarbara/pombo/internal/email/errors.go:45.2,45.48 1 1
github.com/ybarbara/pombo/internal/email/errors.go:49.37,51.2 1 0
github.com/ybarbara/pombo/internal/email/errors.go:54.44,55.17 1 0
github.com/ybarbara/pombo/internal/email/errors.go:55.17,57.3 1 0
github.com/ybarbara/pombo/internal/email/errors.go:59.2,60.34 2 0
github.com/ybarbara/pombo/internal/email/errors.go:60.34,62.3 1 0
github.com/ybarbara/pombo/internal/email/errors.go:64.2,64.14 1 0
github.com/ybarbara/pombo/internal/email/errors.go:88.37,89.12 1 0
github.com/ybarbara/pombo/internal/email/errors.go:90.24,91.19 1 0
github.com/ybarbara/pombo/internal/email/errors.go:92.21,93.26 1 0
github.com/ybarbara/pombo/internal/email/errors.go:94.25,95.20 1 0
github.com/ybarbara/pombo/internal/email/errors.go:96.22,97.17 1 0
github.com/ybarbara/pombo/internal/email/errors.go:98.23,99.18 1 0
github.com/ybarbara/pombo/internal/email/errors.go:100.23,101.18 1 0
github.com/ybarbara/pombo/internal/email/errors.go:102.24,103.19 1 0
github.com/ybarbara/pombo/internal/email/errors.go:104.26,105.22 1 0
github.com/ybarbara/pombo/internal/email/errors.go:106.25,107.20 1 0
github.com/ybarbara/pombo/internal/email/errors.go:108.27,109.22 1 0
github.com/ybarbara/pombo/internal/email/errors.go:110.25,111.21 1 0
github.com/ybarbara/pombo/internal/email/errors.go:112.27,113.22 1 0
github.com/ybarbara/pombo/internal/email/errors.go:114.30,115.25 1 0
github.com/ybarbara/pombo/internal/email/errors.go:116.10,117.19 1 0
github.com/ybarbara/pombo/internal/email/errors.go:191.102,200.2 1 1
github.com/ybarbara/pombo/internal/email/errors.go:203.96,204.16 1 1
github.com/ybarbara/pombo/internal/email/errors.go:204.16,206.3 1 0
github.com/ybarbara/pombo/internal/email/errors.go:209.2,210.31 2 1
github.com/ybarbara/pombo/internal/email/errors.go:210.31,223.3 1 1
github.com/ybarbara/pombo/internal/email/errors.go:225.2,232.3 1 0
github.com/ybarbara/pombo/internal/email/errors.go:236.92,250.2 1 1
github.com/ybarbara/pombo/internal/email/errors.go:253.67,267.2 1 1
github.com/ybarbara/pombo/internal/email/errors.go:270.34,272.31 2 0
github.com/ybarbara/pombo/internal/email/errors.go:272.31,274.3 1 0
github.com/ybarbara/pombo/internal/email/errors.go:277.2,277.48 1 0
github.com/ybarbara/pombo/internal/email/errors.go:277.48,279.3 1 0
github.com/ybarbara/pombo/internal/email/errors.go:281.2,281.14 1 0
github.com/ybarbara/pombo/internal/email/errors.go:285.34,290.34 2 0
github.com/ybarbara/pombo/internal/email/errors.go:290.34,292.3 1 0
github.com/ybarbara/pombo/internal/email/errors.go:294.2,294.25 1 0
github.com/ybarbara/pombo/internal/email/errors.go:298.40,300.31 2 0
github.com/ybarbara/pombo/internal/email/errors.go:300.31,302.3 1 0
github.com/ybarbara/pombo/internal/email/errors.go:305.2,305.25 1 0
github.com/ybarbara/pombo/internal/email/errors.go:305.25,307.3 1 0
github.com/ybarbara/pombo/internal/email/errors.go:308.2,308.25 1 0
github.com/ybarbara/pombo/internal/email/errors.go:308.25,310.3 1 0
github.com/ybarbara/pombo/internal/email/errors.go:311.2,311.22 1 0
github.com/ybarbara/pombo/internal/email/errors.go:311.22,313.3 1 0
github.com/ybarbara/pombo/internal/email/errors.go:315.2,315.25 1 0
github.com/ybarbara/pombo/internal/email/errors.go:320.37,321.16 1 0
github.com/ybarbara/pombo/internal/email/errors.go:321.16,323.3 1 0
github.com/ybarbara/pombo/internal/email/errors.go:325.2,326.29 2 0
github.com/ybarbara/pombo/internal/email/errors.go:326.29,328.3 1 0
github.com/ybarbara/pombo/internal/email/errors.go:331.2,340.42 3 0
github.com/ybarbara/pombo/internal/email/errors.go:340.42,341.40 1 0
github.com/ybarbara/pombo/internal/email/errors.go:341.40,343.4 1 0
github.com/ybarbara/pombo/internal/email/errors.go:346.2,346.14 1 0
github.com/ybarbara/pombo/internal/email/errors.go:349.37,350.16 1 0
github.com/ybarbara/pombo/internal/email/errors.go:350.16,352.3 1 0
github.com/ybarbara/pombo/internal/email/errors.go:354.2,355.49 2 0
github.com/ybarbara/pombo/internal/email/errors.go:355.49,357.3 1 0
github.com/ybarbara/pombo/internal/email/errors.go:359.2,367.42 3 0
github.com/ybarbara/pombo/internal/email/errors.go:367.42,368.40 1 0
github.com/ybarbara/pombo/internal/email/errors.go:368.40,370.4 1 0
github.com/ybarbara/pombo/internal/email/errors.go:373.2,373.14 1 0
github.com/ybarbara/pombo/internal/email/errors.go:376.34,377.16 1 0
github.com/ybarbara/pombo/internal/email/errors.go:377.16,379.3 1 0
github.com/ybarbara/pombo/internal/email/errors.go:381.2,391.39 3 0
github.com/ybarbara/pombo/internal/email/errors.go:391.39,392.40 1 0
github.com/ybarbara/pombo/internal/email/errors.go:392.40,394.4 1 0
github.com/ybarbara/pombo/internal/email/errors.go:397.2,397.14 1 0
github.com/ybarbara/pombo/internal/email/errors.go:401.34,403.31 2 0
github.com/ybarbara/pombo/internal/email/errors.go:403.31,405.3 1 0
github.com/ybarbara/pombo/internal/email/errors.go:407.2,407.25 1 0
github.com/ybarbara/pombo/internal/email/errors.go:411.37,413.31 2 0
github.com/ybarbara/pombo/internal/email/errors.go:413.31,415.3 1 0
github.com/ybarbara/pombo/internal/email/errors.go:417.2,417.28 1 0
github.com/ybarbara/pombo/internal/email/errors.go:421.37,423.31 2 0
github.com/ybarbara/pombo/internal/email/errors.go:423.31,425.3 1 0
github.com/ybarbara/pombo/internal/email/errors.go:427.2,427.28 1 0
github.com/ybarbara/pombo/internal/email/errors.go:440.38,448.2 1 0
github.com/ybarbara/pombo/internal/email/errors.go:451.65,452.29 1 0
github.com/ybarbara/pombo/internal/email/errors.go:452.29,454.3 1 0
github.com/ybarbara/pombo/internal/email/errors.go:456.2,456.25 1 0
github.com/ybarbara/pombo/internal/email/errors.go:460.65,461.18 1 0
github.com/ybarbara/pombo/internal/email/errors.go:461.18,463.3 1 0
github.com/ybarbara/pombo/internal/email/errors.go:466.2,469.21 2 0
github.com/ybarbara/pombo/internal/email/errors.go:469.21,473.3 3 0
github.com/ybarbara/pombo/internal/email/errors.go:476.2,476.24 1 0
github.com/ybarbara/pombo/internal/email/errors.go:476.24,478.3 1 0
github.com/ybarbara/pombo/internal/email/errors.go:480.2,480.14 1 0
github.com/ybarbara/pombo/internal/email/errors.go:484.67,485.16 1 0
github.com/ybarbara/pombo/internal/email/errors.go:485.16,487.3 1 0
github.com/ybarbara/pombo/internal/email/errors.go:489.2,490.32 2 0
github.com/ybarbara/pombo/internal/email/errors.go:490.32,493.3 1 0
github.com/ybarbara/pombo/internal/email/errors.go:496.2,496.23 1 0
github.com/ybarbara/pombo/internal/email/errors.go:497.21,498.87 1 0
github.com/ybarbara/pombo/internal/email/errors.go:498.87,500.4 1 0
github.com/ybarbara/pombo/internal/email/errors.go:501.3,501.27 1 0
github.com/ybarbara/pombo/internal/email/errors.go:503.42,504.34 1 0
github.com/ybarbara/pombo/internal/email/errors.go:504.34,506.4 1 0
github.com/ybarbara/pombo/internal/email/errors.go:507.3,507.30 1 0
github.com/ybarbara/pombo/internal/email/errors.go:509.26,510.28 1 0
github.com/ybarbara/pombo/internal/email/errors.go:512.22,513.31 1 0
github.com/ybarbara/pombo/internal/email/errors.go:515.30,516.31 1 0
github.com/ybarbara/pombo/internal/email/errors.go:518.10,519.34 1 0
github.com/ybarbara/pombo/internal/email/errors.go:519.34,521.4 1 0
github.com/ybarbara/pombo/internal/email/errors.go:522.3,522.25 1 0
github.com/ybarbara/pombo/internal/email/errors.go:541.39,542.12 1 0
github.com/ybarbara/pombo/internal/email/errors.go:543.23,544.16 1 0
github.com/ybarbara/pombo/internal/email/errors.go:545.24,546.17 1 0
github.com/ybarbara/pombo/internal/email/errors.go:547.28,548.21 1 0
github.com/ybarbara/pombo/internal/email/errors.go:549.25,550.18 1 0
github.com/ybarbara/pombo/internal/email/errors.go:551.30,552.24 1 0
github.com/ybarbara/pombo/internal/email/errors.go:553.26,554.19 1 0
github.com/ybarbara/pombo/internal/email/errors.go:555.29,556.23 1 0
github.com/ybarbara/pombo/internal/email/errors.go:557.23,558.16 1 0
github.com/ybarbara/pombo/internal/email/errors.go:559.10,560.19 1 0
github.com/ybarbara/pombo/internal/email/pool.go:52.123,53.19 1 1
github.com/ybarbara/pombo/internal/email/pool.go:53.19,62.3 1 0
github.com/ybarbara/pombo/internal/email/pool.go:64.2,73.13 2 1
github.com/ybarbara/pombo/internal/email/pool.go:77.60,81.16 3 1
github.com/ybarbara/pombo/internal/email/pool.go:81.16,83.3 1 0
github.com/ybarbara/pombo/internal/email/pool.go:86.2,92.12 4 1
github.com/ybarbara/pombo/internal/email/pool.go:96.59,100.17 3 1
github.com/ybarbara/pombo/internal/email/pool.go:100.17,102.3 1 1
github.com/ybarbara/pombo/internal/email/pool.go:104.2,107.23 3 1
github.com/ybarbara/pombo/internal/email/pool.go:107.23,109.3 1 1
github.com/ybarbara/pombo/internal/email/pool.go:112.2,112.30 1 1
github.com/ybarbara/pombo/internal/email/pool.go:116.101,119.17 2 1
github.com/ybarbara/pombo/internal/email/pool.go:119.17,123.3 2 1
github.com/ybarbara/pombo/internal/email/pool.go:124.2,128.16 3 1
github.com/ybarbara/pombo/internal/email/pool.go:128.16,131.3 1 1
github.com/ybarbara/pombo/internal/email/pool.go:134.2,135.16 2 1
github.com/ybarbara/pombo/internal/email/pool.go:135.16,138.3 1 1
github.com/ybarbara/pombo/internal/email/pool.go:141.2,143.20 2 1
github.com/ybarbara/pombo/internal/email/pool.go:147.69,152.13 4 1
github.com/ybarbara/pombo/internal/email/pool.go:152.13,155.3 1 1
github.com/ybarbara/pombo/internal/email/pool.go:157.2,158.16 2 1
github.com/ybarbara/pombo/internal/email/pool.go:158.16,160.3 1 1
github.com/ybarbara/pombo/internal/email/pool.go:162.2,162.12 1 1
github.com/ybarbara/pombo/internal/email/pool.go:166.67,171.13 4 1
github.com/ybarbara/pombo/internal/email/pool.go:171.13,174.3 1 1
github.com/ybarbara/pombo/internal/email/pool.go:176.2,177.16 2 1
github.com/ybarbara/pombo/internal/email/pool.go:177.16,179.3 1 1
github.com/ybarbara/pombo/internal/email/pool.go:181.2,181.12 1 1
github.com/ybarbara/pombo/internal/email/pool.go:185.44,190.2 3 1
github.com/ybarbara/pombo/internal/email/pool.go:193.52,196.47 2 1
github.com/ybarbara/pombo/internal/email/pool.go:196.47,197.48 1 1
github.com/ybarbara/pombo/internal/email/pool.go:197.48,200.4 1 0
github.com/ybarbara/pombo/internal/email/pool.go:204.2,207.19 3 1
github.com/ybarbara/pombo/internal/email/pool.go:207.19,211.3 1 0
github.com/ybarbara/pombo/internal/email/pool.go:213.2,213.12 1 1
github.com/ybarbara/pombo/internal/email/pool.go:217.84,222.13 4 1
github.com/ybarbara/pombo/internal/email/pool.go:222.13,225.3 1 1
github.com/ybarbara/pombo/internal/email/pool.go:227.2,227.37 1 1
github.com/ybarbara/pombo/internal/email/pool.go:231.83,236.13 4 1
github.com/ybarbara/pombo/internal/email/pool.go:236.13,242.3 1 1
github.com/ybarbara/pombo/internal/email/pool.go:244.2,244.32 1 1
github.com/ybarbara/pombo/internal/email/pool.go:248.53,259.32 8 1
github.com/ybarbara/pombo/internal/email/pool.go:259.32,266.3 6 1
github.com/ybarbara/pombo/internal/email/pool.go:269.2,270.23 2 1
github.com/ybarbara/pombo/internal/email/pool.go:270.23,272.3 1 1
github.com/ybarbara/pombo/internal/email/pool.go:275.2,276.51 2 1
github.com/ybarbara/pombo/internal/email/pool.go:276.51,278.3 1 0
github.com/ybarbara/pombo/internal/email/pool.go:280.2,287.3 1 1
github.com/ybarbara/pombo/internal/email/pool.go:291.67,292.19 1 1
github.com/ybarbara/pombo/internal/email/pool.go:292.19,294.3 1 1
github.com/ybarbara/pombo/internal/email/pool.go:296.2,300.32 3 1
github.com/ybarbara/pombo/internal/email/pool.go:300.32,302.3 1 1
github.com/ybarbara/pombo/internal/email/pool.go:303.2,303.35 1 1
github.com/ybarbara/pombo/internal/email/pool.go:303.35,305.3 1 1
github.com/ybarbara/pombo/internal/email/pool.go:306.2,306.55 1 1
github.com/ybarbara/pombo/internal/email/pool.go:306.55,308.3 1 1
github.com/ybarbara/pombo/internal/email/pool.go:310.2,314.37 3 1
github.com/ybarbara/pombo/internal/email/pool.go:314.37,317.3 2 1
github.com/ybarbara/pombo/internal/email/pool.go:319.2,319.12 1 1
github.com/ybarbara/pombo/internal/email/pool.go:323.111,325.49 2 1
github.com/ybarbara/pombo/internal/email/pool.go:325.49,328.3 2 1
github.com/ybarbara/pombo/internal/email/pool.go:329.2,336.49 4 1
github.com/ybarbara/pombo/internal/email/pool.go:336.49,338.3 1 0
github.com/ybarbara/pombo/internal/email/pool.go:342.2,343.70 1 1
github.com/ybarbara/pombo/internal/email/pool.go:347.99,351.47 3 1
github.com/ybarbara/pombo/internal/email/pool.go:351.47,354.3 1 1
github.com/ybarbara/pombo/internal/email/pool.go:357.2,358.16 2 1
github.com/ybarbara/pombo/internal/email/pool.go:358.16,362.3 1 1
github.com/ybarbara/pombo/internal/email/pool.go:365.2,377.12 3 1
github.com/ybarbara/pombo/internal/email/pool.go:381.65,386.13 4 1
github.com/ybarbara/pombo/internal/email/pool.go:386.13,389.3 1 1
github.com/ybarbara/pombo/internal/email/pool.go:392.2,392.40 1 1
github.com/ybarbara/pombo/internal/email/pool.go:392.40,396.3 1 0
github.com/ybarbara/pombo/internal/email/pool.go:398.2,399.12 2 1
github.com/ybarbara/pombo/internal/email/pool.go:403.62,404.15 1 1
github.com/ybarbara/pombo/internal/email/pool.go:404.15,405.24 1 1
github.com/ybarbara/pombo/internal/email/pool.go:405.24,407.4 1 1
github.com/ybarbara/pombo/internal/email/pool.go:410.2,410.6 1 1
github.com/ybarbara/pombo/internal/email/pool.go:410.6,411.10 1 1
github.com/ybarbara/pombo/internal/email/pool.go:412.21,413.10 1 0
github.com/ybarbara/pombo/internal/email/pool.go:414.22,415.10 1 1
github.com/ybarbara/pombo/internal/email/pool.go:416.23,417.26 1 1
github.com/ybarbara/pombo/internal/email/pool.go:423.63,426.32 3 1
github.com/ybarbara/pombo/internal/email/pool.go:426.32,428.3 1 1
github.com/ybarbara/pombo/internal/email/pool.go:429.2,432.29 2 1
github.com/ybarbara/pombo/internal/email/pool.go:432.29,433.54 1 1
github.com/ybarbara/pombo/internal/email/pool.go:433.54,436.4 1 0
github.com/ybarbara/pombo/internal/email/pool.go:441.51,444.2 0 1
github.com/ybarbara/pombo/internal/email/pool.go:447.51,449.2 0 1
github.com/ybarbara/pombo/internal/email/pool.go:452.49,454.2 0 1
github.com/ybarbara/pombo/internal/email/pool.go:457.40,461.2 1 1
github.com/ybarbara/pombo/internal/email/pool.go:475.129,482.22 4 1
github.com/ybarbara/pombo/internal/email/pool.go:482.22,487.46 3 1
github.com/ybarbara/pombo/internal/email/pool.go:487.46,491.4 2 1
github.com/ybarbara/pombo/internal/email/pool.go:491.9,494.4 1 1
github.com/ybarbara/pombo/internal/email/pool.go:498.2,499.47 2 1
github.com/ybarbara/pombo/internal/email/pool.go:499.47,503.3 1 1
github.com/ybarbara/pombo/internal/email/pool.go:506.2,506.56 1 1
github.com/ybarbara/pombo/internal/email/pool.go:510.132,516.57 3 1
github.com/ybarbara/pombo/internal/email/pool.go:516.57,520.3 1 0
github.com/ybarbara/pombo/internal/email/pool.go:523.2,524.16 2 1
github.com/ybarbara/pombo/internal/email/pool.go:524.16,528.3 1 1
github.com/ybarbara/pombo/internal/email/pool.go:531.2,534.61 2 1
github.com/ybarbara/pombo/internal/email/pool.go:534.61,538.3 1 0
github.com/ybarbara/pombo/internal/email/pool.go:541.2,545.20 4 1
github.com/ybarbara/pombo/internal/email/pool.go:549.89,558.25 2 1
github.com/ybarbara/pombo/internal/email/pool.go:558.25,568.3 1 1
github.com/ybarbara/pombo/internal/email/pool.go:571.2,571.25 1 1
github.com/ybarbara/pombo/internal/email/pool.go:571.25,580.3 1 1
github.com/ybarbara/pombo/internal/email/pool.go:583.2,583.22 1 1
github.com/ybarbara/pombo/internal/email/pool.go:583.22,593.3 1 0
github.com/ybarbara/pombo/internal/email/pool.go:596.2,596.25 1 1
github.com/ybarbara/pombo/internal/email/pool.go:596.25,606.3 1 0
github.com/ybarbara/pombo/internal/email/pool.go:608.2,608.20 1 1
github.com/ybarbara/pombo/internal/email/pool.go:612.124,613.26 1 1
github.com/ybarbara/pombo/internal/email/pool.go:613.26,616.3 1 1
github.com/ybarbara/pombo/internal/email/pool.go:618.2,618.60 1 1
github.com/ybarbara/pombo/internal/email/pool.go:622.111,624.60 1 1
github.com/ybarbara/pombo/internal/email/pool.go:624.60,626.3 1 0
github.com/ybarbara/pombo/internal/email/pool.go:629.2,629.52 1 1
github.com/ybarbara/pombo/internal/email/pool.go:629.52,631.3 1 0
github.com/ybarbara/pombo/internal/email/pool.go:634.2,634.32 1 1
github.com/ybarbara/pombo/internal/email/pool.go:634.32,636.3 1 1
github.com/ybarbara/pombo/internal/email/pool.go:639.2,642.50 3 1
github.com/ybarbara/pombo/internal/email/pool.go:642.50,644.3 1 0
github.com/ybarbara/pombo/internal/email/pool.go:646.2,646.13 1 1
github.com/ybarbara/pombo/internal/email/pool.go:650.50,655.40 3 1
github.com/ybarbara/pombo/internal/email/pool.go:655.40,660.48 2 1
github.com/ybarbara/pombo/internal/email/pool.go:660.48,668.4 2 1
github.com/ybarbara/pombo/internal/email/pool.go:668.9,670.14 1 1
github.com/ybarbara/pombo/internal/email/pool.go:670.14,674.5 3 1
github.com/ybarbara/pombo/internal/email/pool.go:676.3,676.13 1 1
github.com/ybarbara/pombo/internal/email/pool.go:679.2,681.57 1 0
github.com/ybarbara/pombo/internal/email/pool.go:685.48,690.22 3 1
github.com/ybarbara/pombo/internal/email/pool.go:690.22,694.13 3 0
github.com/ybarbara/pombo/internal/email/pool.go:694.13,698.4 3 0
github.com/ybarbara/pombo/internal/email/pool.go:699.3,699.13 1 0
github.com/ybarbara/pombo/internal/email/pool.go:703.2,703.40 1 1
github.com/ybarbara/pombo/internal/email/pool.go:703.40,705.13 2 1
github.com/ybarbara/pombo/internal/email/pool.go:705.13,709.4 3 1
github.com/ybarbara/pombo/internal/email/pool.go:710.3,710.13 1 1
github.com/ybarbara/pombo/internal/email/pool.go:713.2,715.55 1 0
github.com/ybarbara/pombo/internal/email/pool.go:719.41,726.40 4 1
github.com/ybarbara/pombo/internal/email/pool.go:726.40,727.53 1 1
github.com/ybarbara/pombo/internal/email/pool.go:727.53,730.4 1 0
github.com/ybarbara/pombo/internal/email/pool.go:734.2,734.31 1 1
github.com/ybarbara/pombo/internal/email/pool.go:734.31,735.58 1 1
github.com/ybarbara/pombo/internal/email/pool.go:735.58,738.4 1 0
github.com/ybarbara/pombo/internal/email/pool.go:742.2,745.19 3 1
github.com/ybarbara/pombo/internal/email/pool.go:745.19,750.3 1 0
github.com/ybarbara/pombo/internal/email/pool.go:752.2,752.12 1 1
github.com/ybarbara/pombo/internal/email/pool.go:756.67,761.2 3 1
github.com/ybarbara/pombo/internal/email/pool.go:764.63,771.40 4 1
github.com/ybarbara/pombo/internal/email/pool.go:771.40,772.42 1 1
github.com/ybarbara/pombo/internal/email/pool.go:772.42,775.4 1 1
github.com/ybarbara/pombo/internal/email/pool.go:779.2,779.31 1 1
github.com/ybarbara/pombo/internal/email/pool.go:779.31,780.47 1 0
github.com/ybarbara/pombo/internal/email/pool.go:780.47,783.4 1 0
github.com/ybarbara/pombo/internal/email/pool.go:786.2,786.19 1 1
github.com/ybarbara/pombo/internal/email/pool.go:786.19,791.3 1 1
github.com/ybarbara/pombo/internal/email/pool.go:793.2,793.12 1 1
github.com/ybarbara/pombo/internal/email/pool.go:797.54,815.2 5 1
github.com/ybarbara/pombo/internal/email/pool.go:818.49,829.2 3 1
github.com/ybarbara/pombo/internal/email/pool.go:832.79,841.31 6 1
github.com/ybarbara/pombo/internal/email/pool.go:841.31,843.58 1 1
github.com/ybarbara/pombo/internal/email/pool.go:843.58,845.59 1 1
github.com/ybarbara/pombo/internal/email/pool.go:845.59,847.5 1 0
github.com/ybarbara/pombo/internal/email/pool.go:848.9,850.4 1 1
github.com/ybarbara/pombo/internal/email/pool.go:852.2,855.40 2 1
github.com/ybarbara/pombo/internal/email/pool.go:855.40,858.28 1 0
github.com/ybarbara/pombo/internal/email/pool.go:858.28,860.54 2 0
github.com/ybarbara/pombo/internal/email/pool.go:860.54,862.5 1 0
github.com/ybarbara/pombo/internal/email/pool.go:866.2,866.19 1 1
github.com/ybarbara/pombo/internal/email/pool.go:866.19,871.3 1 0
github.com/ybarbara/pombo/internal/email/pool.go:873.2,873.12 1 1
github.com/ybarbara/pombo/internal/email/pool.go:877.52,880.2 1 1
