mode: set
github.com/ybarbara/pombo/cmd/pombo/main.go:20.13,23.52 2 0
github.com/ybarbara/pombo/cmd/pombo/main.go:23.52,26.3 2 0
github.com/ybarbara/pombo/cmd/pombo/main.go:36.54,39.17 2 0
github.com/ybarbara/pombo/cmd/pombo/main.go:39.17,41.4 1 0
github.com/ybarbara/pombo/cmd/pombo/main.go:44.3,45.27 2 0
github.com/ybarbara/pombo/cmd/pombo/main.go:49.13,52.2 2 0
github.com/ybarbara/pombo/cmd/pombo/main.go:62.47,65.3 2 0
github.com/ybarbara/pombo/internal/config/config.go:193.30,214.41 11 0
github.com/ybarbara/pombo/internal/config/config.go:214.41,215.56 1 0
github.com/ybarbara/pombo/internal/config/config.go:215.56,217.4 1 0
github.com/ybarbara/pombo/internal/config/config.go:222.2,223.42 2 0
github.com/ybarbara/pombo/internal/config/config.go:223.42,225.3 1 0
github.com/ybarbara/pombo/internal/config/config.go:228.2,228.29 1 0
github.com/ybarbara/pombo/internal/config/config.go:228.29,230.3 1 0
github.com/ybarbara/pombo/internal/config/config.go:231.2,231.28 1 0
github.com/ybarbara/pombo/internal/config/config.go:231.28,233.3 1 0
github.com/ybarbara/pombo/internal/config/config.go:234.2,234.27 1 0
github.com/ybarbara/pombo/internal/config/config.go:234.27,236.3 1 0
github.com/ybarbara/pombo/internal/config/config.go:238.2,238.18 1 0
github.com/ybarbara/pombo/internal/config/config.go:242.34,322.2 58 0
github.com/ybarbara/pombo/internal/config/config.go:325.26,327.16 2 0
github.com/ybarbara/pombo/internal/config/config.go:327.16,329.3 1 0
github.com/ybarbara/pombo/internal/config/config.go:330.2,330.13 1 0
github.com/ybarbara/pombo/internal/config/config.go:333.28,334.66 1 0
github.com/ybarbara/pombo/internal/config/config.go:334.66,336.3 1 0
github.com/ybarbara/pombo/internal/config/config.go:337.2,337.56 1 0
github.com/ybarbara/pombo/internal/config/config.go:340.27,341.63 1 0
github.com/ybarbara/pombo/internal/config/config.go:341.63,343.3 1 0
github.com/ybarbara/pombo/internal/config/config.go:344.2,344.55 1 0
github.com/ybarbara/pombo/internal/config/config.go:347.26,348.60 1 0
github.com/ybarbara/pombo/internal/config/config.go:348.60,350.3 1 0
github.com/ybarbara/pombo/internal/config/config.go:351.2,351.64 1 0
github.com/ybarbara/pombo/internal/app/app.go:23.43,32.27 2 0
github.com/ybarbara/pombo/internal/app/app.go:33.15,34.34 1 0
github.com/ybarbara/pombo/internal/app/app.go:35.14,36.33 1 0
github.com/ybarbara/pombo/internal/app/app.go:37.14,38.33 1 0
github.com/ybarbara/pombo/internal/app/app.go:39.15,40.34 1 0
github.com/ybarbara/pombo/internal/app/app.go:41.10,42.33 1 0
github.com/ybarbara/pombo/internal/app/app.go:45.2,48.3 1 0
github.com/ybarbara/pombo/internal/app/app.go:52.35,69.41 5 0
github.com/ybarbara/pombo/internal/app/app.go:69.41,71.3 1 0
github.com/ybarbara/pombo/internal/app/app.go:73.2,74.12 2 0
github.com/ybarbara/pombo/internal/app/app.go:78.66,102.2 6 0
github.com/ybarbara/pombo/internal/app/app.go:107.108,109.2 1 0
github.com/ybarbara/pombo/internal/app/app.go:111.107,117.2 1 0
github.com/ybarbara/pombo/internal/app/app.go:119.83,121.2 1 0
github.com/ybarbara/pombo/internal/app/app.go:123.75,125.2 1 0
github.com/ybarbara/pombo/internal/app/app.go:127.112,129.2 1 0
github.com/ybarbara/pombo/internal/app/app.go:131.111,133.2 1 0
github.com/ybarbara/pombo/internal/app/app.go:135.88,137.2 1 0
github.com/ybarbara/pombo/internal/app/app.go:139.69,141.2 1 0
github.com/ybarbara/pombo/internal/app/app.go:143.69,145.2 1 0
github.com/ybarbara/pombo/internal/ui/pages/main.go:74.43,76.2 1 0
github.com/ybarbara/pombo/internal/ui/pages/main.go:79.44,87.2 1 0
github.com/ybarbara/pombo/internal/ui/pages/main.go:90.106,162.2 3 0
github.com/ybarbara/pombo/internal/ui/pages/main.go:165.36,173.2 2 0
github.com/ybarbara/pombo/internal/ui/pages/main.go:176.62,179.27 2 0
github.com/ybarbara/pombo/internal/ui/pages/main.go:180.25,191.22 7 0
github.com/ybarbara/pombo/internal/ui/pages/main.go:191.22,193.4 1 0
github.com/ybarbara/pombo/internal/ui/pages/main.go:195.3,195.31 1 0
github.com/ybarbara/pombo/internal/ui/pages/main.go:197.23,200.16 3 0
github.com/ybarbara/pombo/internal/ui/pages/main.go:202.18,204.10 1 0
github.com/ybarbara/pombo/internal/ui/pages/main.go:205.40,207.22 2 0
github.com/ybarbara/pombo/internal/ui/pages/main.go:209.40,211.17 2 0
github.com/ybarbara/pombo/internal/ui/pages/main.go:215.3,215.21 1 0
github.com/ybarbara/pombo/internal/ui/pages/main.go:215.21,218.23 3 0
github.com/ybarbara/pombo/internal/ui/pages/main.go:218.23,220.5 1 0
github.com/ybarbara/pombo/internal/ui/pages/main.go:223.10,225.21 1 0
github.com/ybarbara/pombo/internal/ui/pages/main.go:225.21,228.23 3 0
github.com/ybarbara/pombo/internal/ui/pages/main.go:228.23,230.5 1 0
github.com/ybarbara/pombo/internal/ui/pages/main.go:234.2,234.30 1 0
github.com/ybarbara/pombo/internal/ui/pages/main.go:238.35,239.14 1 0
github.com/ybarbara/pombo/internal/ui/pages/main.go:239.14,241.3 1 0
github.com/ybarbara/pombo/internal/ui/pages/main.go:243.2,243.16 1 0
github.com/ybarbara/pombo/internal/ui/pages/main.go:243.16,245.3 1 0
github.com/ybarbara/pombo/internal/ui/pages/main.go:248.2,248.21 1 0
github.com/ybarbara/pombo/internal/ui/pages/main.go:248.21,251.3 2 0
github.com/ybarbara/pombo/internal/ui/pages/main.go:254.2,254.28 1 0
github.com/ybarbara/pombo/internal/ui/pages/main.go:258.57,282.2 6 0
github.com/ybarbara/pombo/internal/ui/pages/main.go:285.48,298.35 4 0
github.com/ybarbara/pombo/internal/ui/pages/main.go:298.35,300.3 1 0
github.com/ybarbara/pombo/internal/ui/pages/main.go:302.2,323.3 3 0
github.com/ybarbara/pombo/internal/ui/pages/main.go:330.50,331.24 1 0
github.com/ybarbara/pombo/internal/ui/pages/main.go:331.24,332.33 1 0
github.com/ybarbara/pombo/internal/ui/pages/main.go:332.33,334.4 1 0
github.com/ybarbara/pombo/internal/ui/pages/main.go:336.3,336.56 1 0
github.com/ybarbara/pombo/internal/ui/pages/main.go:336.56,338.4 1 0
github.com/ybarbara/pombo/internal/ui/pages/main.go:343.48,345.2 1 0
github.com/ybarbara/pombo/internal/ui/pages/main.go:348.48,350.2 1 0
github.com/ybarbara/pombo/internal/ui/pages/main.go:353.48,355.2 1 0
github.com/ybarbara/pombo/internal/ui/pages/main.go:358.49,360.2 1 0
github.com/ybarbara/pombo/internal/ui/styles/styles.go:218.49,231.2 1 0
github.com/ybarbara/pombo/internal/ui/styles/styles.go:234.72,236.2 1 0
github.com/ybarbara/pombo/internal/ui/styles/styles.go:239.74,241.2 1 0
github.com/ybarbara/pombo/internal/ui/models/account_model.go:34.87,43.2 1 0
github.com/ybarbara/pombo/internal/ui/models/account_model.go:46.51,50.2 3 0
github.com/ybarbara/pombo/internal/ui/models/account_model.go:53.69,54.27 1 0
github.com/ybarbara/pombo/internal/ui/models/account_model.go:55.18,56.23 1 0
github.com/ybarbara/pombo/internal/ui/models/account_model.go:57.20,58.41 1 0
github.com/ybarbara/pombo/internal/ui/models/account_model.go:58.41,60.5 1 0
github.com/ybarbara/pombo/internal/ui/models/account_model.go:61.18,62.25 1 0
github.com/ybarbara/pombo/internal/ui/models/account_model.go:62.25,64.5 1 0
github.com/ybarbara/pombo/internal/ui/models/account_model.go:65.16,66.31 1 0
github.com/ybarbara/pombo/internal/ui/models/account_model.go:70.2,70.15 1 0
github.com/ybarbara/pombo/internal/ui/models/account_model.go:74.38,75.14 1 0
github.com/ybarbara/pombo/internal/ui/models/account_model.go:75.14,77.3 1 0
github.com/ybarbara/pombo/internal/ui/models/account_model.go:79.2,81.26 2 0
github.com/ybarbara/pombo/internal/ui/models/account_model.go:81.26,84.3 2 0
github.com/ybarbara/pombo/internal/ui/models/account_model.go:86.2,87.37 2 0
github.com/ybarbara/pombo/internal/ui/models/account_model.go:87.37,89.25 2 0
github.com/ybarbara/pombo/internal/ui/models/account_model.go:89.25,91.4 1 0
github.com/ybarbara/pombo/internal/ui/models/account_model.go:91.9,93.4 1 0
github.com/ybarbara/pombo/internal/ui/models/account_model.go:95.3,96.24 2 0
github.com/ybarbara/pombo/internal/ui/models/account_model.go:96.24,98.4 1 0
github.com/ybarbara/pombo/internal/ui/models/account_model.go:98.9,100.4 1 0
github.com/ybarbara/pombo/internal/ui/models/account_model.go:102.3,105.63 2 0
github.com/ybarbara/pombo/internal/ui/models/account_model.go:108.2,118.3 3 0
github.com/ybarbara/pombo/internal/ui/models/account_model.go:122.66,127.38 3 0
github.com/ybarbara/pombo/internal/ui/models/account_model.go:127.38,129.3 1 0
github.com/ybarbara/pombo/internal/ui/models/account_model.go:132.48,133.59 1 0
github.com/ybarbara/pombo/internal/ui/models/account_model.go:133.59,135.3 1 0
github.com/ybarbara/pombo/internal/ui/models/account_model.go:137.2,139.24 2 0
github.com/ybarbara/pombo/internal/ui/models/account_model.go:139.24,140.69 1 0
github.com/ybarbara/pombo/internal/ui/models/account_model.go:140.69,142.4 1 0
github.com/ybarbara/pombo/internal/ui/models/account_model.go:145.3,145.42 1 0
github.com/ybarbara/pombo/internal/ui/models/compose_model.go:58.87,92.2 14 0
github.com/ybarbara/pombo/internal/ui/models/compose_model.go:95.51,109.20 10 0
github.com/ybarbara/pombo/internal/ui/models/compose_model.go:109.20,111.3 1 0
github.com/ybarbara/pombo/internal/ui/models/compose_model.go:112.2,113.35 2 0
github.com/ybarbara/pombo/internal/ui/models/compose_model.go:117.69,121.27 3 0
github.com/ybarbara/pombo/internal/ui/models/compose_model.go:122.18,123.16 1 0
github.com/ybarbara/pombo/internal/ui/models/compose_model.go:123.16,125.4 1 0
github.com/ybarbara/pombo/internal/ui/models/compose_model.go:127.3,127.23 1 0
github.com/ybarbara/pombo/internal/ui/models/compose_model.go:128.17,129.31 1 0
github.com/ybarbara/pombo/internal/ui/models/compose_model.go:131.31,132.29 1 0
github.com/ybarbara/pombo/internal/ui/models/compose_model.go:134.14,136.17 2 0
github.com/ybarbara/pombo/internal/ui/models/compose_model.go:138.20,140.17 2 0
github.com/ybarbara/pombo/internal/ui/models/compose_model.go:142.14,143.60 1 0
github.com/ybarbara/pombo/internal/ui/models/compose_model.go:143.60,145.5 1 0
github.com/ybarbara/pombo/internal/ui/models/compose_model.go:145.10,147.5 1 0
github.com/ybarbara/pombo/internal/ui/models/compose_model.go:148.4,148.17 1 0
github.com/ybarbara/pombo/internal/ui/models/compose_model.go:152.3,152.25 1 0
github.com/ybarbara/pombo/internal/ui/models/compose_model.go:153.16,154.42 1 0
github.com/ybarbara/pombo/internal/ui/models/compose_model.go:155.16,156.42 1 0
github.com/ybarbara/pombo/internal/ui/models/compose_model.go:157.17,158.44 1 0
github.com/ybarbara/pombo/internal/ui/models/compose_model.go:159.21,160.52 1 0
github.com/ybarbara/pombo/internal/ui/models/compose_model.go:161.18,162.46 1 0
github.com/ybarbara/pombo/internal/ui/models/compose_model.go:165.3,165.17 1 0
github.com/ybarbara/pombo/internal/ui/models/compose_model.go:165.17,167.4 1 0
github.com/ybarbara/pombo/internal/ui/models/compose_model.go:169.21,170.30 1 0
github.com/ybarbara/pombo/internal/ui/models/compose_model.go:170.30,171.57 1 0
github.com/ybarbara/pombo/internal/ui/models/compose_model.go:171.57,173.5 1 0
github.com/ybarbara/pombo/internal/ui/models/compose_model.go:177.2,177.30 1 0
github.com/ybarbara/pombo/internal/ui/models/compose_model.go:181.38,182.14 1 0
github.com/ybarbara/pombo/internal/ui/models/compose_model.go:182.14,184.3 1 0
github.com/ybarbara/pombo/internal/ui/models/compose_model.go:186.2,186.15 1 0
github.com/ybarbara/pombo/internal/ui/models/compose_model.go:186.15,188.3 1 0
github.com/ybarbara/pombo/internal/ui/models/compose_model.go:191.2,191.30 1 0
github.com/ybarbara/pombo/internal/ui/models/compose_model.go:195.66,197.2 1 0
github.com/ybarbara/pombo/internal/ui/models/compose_model.go:200.67,206.2 5 0
github.com/ybarbara/pombo/internal/ui/models/compose_model.go:210.47,213.2 2 0
github.com/ybarbara/pombo/internal/ui/models/compose_model.go:215.51,231.2 4 0
github.com/ybarbara/pombo/internal/ui/models/compose_model.go:233.53,235.30 2 0
github.com/ybarbara/pombo/internal/ui/models/compose_model.go:235.30,237.3 1 0
github.com/ybarbara/pombo/internal/ui/models/compose_model.go:237.8,237.39 1 0
github.com/ybarbara/pombo/internal/ui/models/compose_model.go:237.39,239.3 1 0
github.com/ybarbara/pombo/internal/ui/models/compose_model.go:242.2,243.67 2 0
github.com/ybarbara/pombo/internal/ui/models/compose_model.go:243.67,245.3 1 0
github.com/ybarbara/pombo/internal/ui/models/compose_model.go:247.2,254.64 2 0
github.com/ybarbara/pombo/internal/ui/models/compose_model.go:257.50,262.31 3 0
github.com/ybarbara/pombo/internal/ui/models/compose_model.go:262.31,264.3 1 0
github.com/ybarbara/pombo/internal/ui/models/compose_model.go:265.2,273.58 3 0
github.com/ybarbara/pombo/internal/ui/models/compose_model.go:273.58,275.32 2 0
github.com/ybarbara/pombo/internal/ui/models/compose_model.go:275.32,277.4 1 0
github.com/ybarbara/pombo/internal/ui/models/compose_model.go:278.3,283.35 2 0
github.com/ybarbara/pombo/internal/ui/models/compose_model.go:287.2,287.60 1 0
github.com/ybarbara/pombo/internal/ui/models/compose_model.go:287.60,289.33 2 0
github.com/ybarbara/pombo/internal/ui/models/compose_model.go:289.33,291.4 1 0
github.com/ybarbara/pombo/internal/ui/models/compose_model.go:292.3,297.36 2 0
github.com/ybarbara/pombo/internal/ui/models/compose_model.go:301.2,302.36 2 0
github.com/ybarbara/pombo/internal/ui/models/compose_model.go:302.36,304.3 1 0
github.com/ybarbara/pombo/internal/ui/models/compose_model.go:305.2,317.33 5 0
github.com/ybarbara/pombo/internal/ui/models/compose_model.go:317.33,319.3 1 0
github.com/ybarbara/pombo/internal/ui/models/compose_model.go:320.2,323.56 3 0
github.com/ybarbara/pombo/internal/ui/models/compose_model.go:326.53,331.33 3 0
github.com/ybarbara/pombo/internal/ui/models/compose_model.go:331.33,337.3 4 0
github.com/ybarbara/pombo/internal/ui/models/compose_model.go:339.2,346.64 2 0
github.com/ybarbara/pombo/internal/ui/models/compose_model.go:349.36,352.2 2 0
github.com/ybarbara/pombo/internal/ui/models/compose_model.go:354.36,357.2 2 0
github.com/ybarbara/pombo/internal/ui/models/compose_model.go:359.43,368.24 6 0
github.com/ybarbara/pombo/internal/ui/models/compose_model.go:369.15,370.20 1 0
github.com/ybarbara/pombo/internal/ui/models/compose_model.go:371.15,372.20 1 0
github.com/ybarbara/pombo/internal/ui/models/compose_model.go:373.16,374.21 1 0
github.com/ybarbara/pombo/internal/ui/models/compose_model.go:375.20,376.25 1 0
github.com/ybarbara/pombo/internal/ui/models/compose_model.go:377.17,378.22 1 0
github.com/ybarbara/pombo/internal/ui/models/compose_model.go:382.79,386.21 3 0
github.com/ybarbara/pombo/internal/ui/models/compose_model.go:387.15,388.65 1 0
github.com/ybarbara/pombo/internal/ui/models/compose_model.go:388.65,392.4 3 0
github.com/ybarbara/pombo/internal/ui/models/compose_model.go:393.17,394.65 1 0
github.com/ybarbara/pombo/internal/ui/models/compose_model.go:394.65,397.4 1 0
github.com/ybarbara/pombo/internal/ui/models/compose_model.go:400.2,401.12 2 0
github.com/ybarbara/pombo/internal/ui/models/compose_model.go:404.46,405.24 1 0
github.com/ybarbara/pombo/internal/ui/models/compose_model.go:405.24,406.68 1 0
github.com/ybarbara/pombo/internal/ui/models/compose_model.go:406.68,408.4 1 0
github.com/ybarbara/pombo/internal/ui/models/compose_model.go:411.3,411.49 1 0
github.com/ybarbara/pombo/internal/ui/models/compose_model.go:411.49,414.4 2 0
github.com/ybarbara/pombo/internal/ui/models/compose_model.go:416.3,437.23 6 0
github.com/ybarbara/pombo/internal/ui/models/compose_model.go:437.23,439.4 1 0
github.com/ybarbara/pombo/internal/ui/models/compose_model.go:442.3,442.86 1 0
github.com/ybarbara/pombo/internal/ui/models/compose_model.go:442.86,446.4 3 0
github.com/ybarbara/pombo/internal/ui/models/compose_model.go:448.3,453.42 4 0
github.com/ybarbara/pombo/internal/ui/models/compose_model.go:457.48,460.24 3 0
github.com/ybarbara/pombo/internal/ui/models/compose_model.go:460.24,462.3 1 0
github.com/ybarbara/pombo/internal/ui/models/compose_model.go:465.36,473.2 7 0
github.com/ybarbara/pombo/internal/ui/models/compose_model.go:475.76,476.36 1 0
github.com/ybarbara/pombo/internal/ui/models/compose_model.go:476.36,478.3 1 0
github.com/ybarbara/pombo/internal/ui/models/compose_model.go:480.2,483.33 3 0
github.com/ybarbara/pombo/internal/ui/models/compose_model.go:483.33,485.17 2 0
github.com/ybarbara/pombo/internal/ui/models/compose_model.go:485.17,490.4 1 0
github.com/ybarbara/pombo/internal/ui/models/compose_model.go:493.2,493.15 1 0
github.com/ybarbara/pombo/internal/ui/models/delegates.go:18.43,20.2 1 0
github.com/ybarbara/pombo/internal/ui/models/delegates.go:23.39,23.51 1 0
github.com/ybarbara/pombo/internal/ui/models/delegates.go:26.40,26.52 1 0
github.com/ybarbara/pombo/internal/ui/models/delegates.go:29.69,31.2 1 0
github.com/ybarbara/pombo/internal/ui/models/delegates.go:34.91,36.9 2 0
github.com/ybarbara/pombo/internal/ui/models/delegates.go:36.9,38.3 1 0
github.com/ybarbara/pombo/internal/ui/models/delegates.go:40.2,51.13 3 0
github.com/ybarbara/pombo/internal/ui/models/delegates.go:51.13,53.3 1 0
github.com/ybarbara/pombo/internal/ui/models/delegates.go:54.2,54.15 1 0
github.com/ybarbara/pombo/internal/ui/models/delegates.go:54.15,56.3 1 0
github.com/ybarbara/pombo/internal/ui/models/delegates.go:57.2,57.15 1 0
github.com/ybarbara/pombo/internal/ui/models/delegates.go:57.15,59.3 1 0
github.com/ybarbara/pombo/internal/ui/models/delegates.go:60.2,60.19 1 0
github.com/ybarbara/pombo/internal/ui/models/delegates.go:60.19,62.3 1 0
github.com/ybarbara/pombo/internal/ui/models/delegates.go:64.2,65.25 2 0
github.com/ybarbara/pombo/internal/ui/models/delegates.go:65.25,67.3 1 0
github.com/ybarbara/pombo/internal/ui/models/delegates.go:70.2,72.16 2 0
github.com/ybarbara/pombo/internal/ui/models/delegates.go:72.16,73.13 1 0
github.com/ybarbara/pombo/internal/ui/models/delegates.go:73.13,76.4 2 0
github.com/ybarbara/pombo/internal/ui/models/delegates.go:76.9,79.4 2 0
github.com/ybarbara/pombo/internal/ui/models/delegates.go:80.3,80.62 1 0
github.com/ybarbara/pombo/internal/ui/models/delegates.go:81.8,82.13 1 0
github.com/ybarbara/pombo/internal/ui/models/delegates.go:82.13,85.4 2 0
github.com/ybarbara/pombo/internal/ui/models/delegates.go:85.9,88.4 2 0
github.com/ybarbara/pombo/internal/ui/models/delegates.go:89.3,89.33 1 0
github.com/ybarbara/pombo/internal/ui/models/delegates.go:93.2,94.24 2 0
github.com/ybarbara/pombo/internal/ui/models/delegates.go:94.24,96.3 1 0
github.com/ybarbara/pombo/internal/ui/models/delegates.go:98.2,98.38 1 0
github.com/ybarbara/pombo/internal/ui/models/delegates.go:98.38,100.3 1 0
github.com/ybarbara/pombo/internal/ui/models/delegates.go:102.2,102.44 1 0
github.com/ybarbara/pombo/internal/ui/models/delegates.go:102.44,104.3 1 0
github.com/ybarbara/pombo/internal/ui/models/delegates.go:107.2,112.41 2 0
github.com/ybarbara/pombo/internal/ui/models/delegates.go:112.41,114.3 1 0
github.com/ybarbara/pombo/internal/ui/models/delegates.go:117.2,123.23 5 0
github.com/ybarbara/pombo/internal/ui/models/delegates.go:130.41,132.2 1 0
github.com/ybarbara/pombo/internal/ui/models/delegates.go:135.38,135.50 1 0
github.com/ybarbara/pombo/internal/ui/models/delegates.go:138.39,138.51 1 0
github.com/ybarbara/pombo/internal/ui/models/delegates.go:141.68,143.2 1 0
github.com/ybarbara/pombo/internal/ui/models/delegates.go:146.90,148.9 2 0
github.com/ybarbara/pombo/internal/ui/models/delegates.go:148.9,150.3 1 0
github.com/ybarbara/pombo/internal/ui/models/delegates.go:152.2,162.16 3 0
github.com/ybarbara/pombo/internal/ui/models/delegates.go:162.16,165.3 2 0
github.com/ybarbara/pombo/internal/ui/models/delegates.go:165.8,166.16 1 0
github.com/ybarbara/pombo/internal/ui/models/delegates.go:166.16,168.4 1 0
github.com/ybarbara/pombo/internal/ui/models/delegates.go:168.9,170.4 1 0
github.com/ybarbara/pombo/internal/ui/models/delegates.go:171.3,171.33 1 0
github.com/ybarbara/pombo/internal/ui/models/delegates.go:175.2,176.38 2 0
github.com/ybarbara/pombo/internal/ui/models/delegates.go:176.38,178.3 1 0
github.com/ybarbara/pombo/internal/ui/models/delegates.go:179.2,179.37 1 0
github.com/ybarbara/pombo/internal/ui/models/delegates.go:179.37,181.3 1 0
github.com/ybarbara/pombo/internal/ui/models/delegates.go:184.2,184.30 1 0
github.com/ybarbara/pombo/internal/ui/models/delegates.go:184.30,187.45 3 0
github.com/ybarbara/pombo/internal/ui/models/delegates.go:187.45,189.4 1 0
github.com/ybarbara/pombo/internal/ui/models/delegates.go:190.3,190.27 1 0
github.com/ybarbara/pombo/internal/ui/models/delegates.go:194.2,199.23 4 0
github.com/ybarbara/pombo/internal/ui/models/delegates.go:206.43,208.2 1 0
github.com/ybarbara/pombo/internal/ui/models/delegates.go:211.39,211.51 1 0
github.com/ybarbara/pombo/internal/ui/models/delegates.go:214.40,214.52 1 0
github.com/ybarbara/pombo/internal/ui/models/delegates.go:217.69,219.2 1 0
github.com/ybarbara/pombo/internal/ui/models/delegates.go:222.91,226.2 1 0
github.com/ybarbara/pombo/internal/ui/models/email_model.go:131.15,261.2 15 0
github.com/ybarbara/pombo/internal/ui/models/email_model.go:264.37,283.2 6 0
github.com/ybarbara/pombo/internal/ui/models/email_model.go:286.63,290.27 3 0
github.com/ybarbara/pombo/internal/ui/models/email_model.go:291.25,313.16 15 0
github.com/ybarbara/pombo/internal/ui/models/email_model.go:315.24,316.43 1 0
github.com/ybarbara/pombo/internal/ui/models/email_model.go:318.23,321.16 3 0
github.com/ybarbara/pombo/internal/ui/models/email_model.go:323.18,325.16 2 0
github.com/ybarbara/pombo/internal/ui/models/email_model.go:327.16,329.16 2 0
github.com/ybarbara/pombo/internal/ui/models/email_model.go:332.37,336.16 3 0
github.com/ybarbara/pombo/internal/ui/models/email_model.go:338.36,342.16 3 0
github.com/ybarbara/pombo/internal/ui/models/email_model.go:344.40,352.52 6 0
github.com/ybarbara/pombo/internal/ui/models/email_model.go:352.52,354.4 1 0
github.com/ybarbara/pombo/internal/ui/models/email_model.go:355.3,355.16 1 0
github.com/ybarbara/pombo/internal/ui/models/email_model.go:357.41,363.28 5 0
github.com/ybarbara/pombo/internal/ui/models/email_model.go:363.28,364.29 1 0
github.com/ybarbara/pombo/internal/ui/models/email_model.go:364.29,369.5 1 0
github.com/ybarbara/pombo/internal/ui/models/email_model.go:371.3,371.16 1 0
github.com/ybarbara/pombo/internal/ui/models/email_model.go:373.43,379.28 5 0
github.com/ybarbara/pombo/internal/ui/models/email_model.go:379.28,380.29 1 0
github.com/ybarbara/pombo/internal/ui/models/email_model.go:380.29,385.5 1 0
github.com/ybarbara/pombo/internal/ui/models/email_model.go:387.3,387.16 1 0
github.com/ybarbara/pombo/internal/ui/models/email_model.go:390.39,394.16 4 0
github.com/ybarbara/pombo/internal/ui/models/email_model.go:396.38,399.16 3 0
github.com/ybarbara/pombo/internal/ui/models/email_model.go:401.38,404.16 3 0
github.com/ybarbara/pombo/internal/ui/models/email_model.go:406.38,415.16 3 0
github.com/ybarbara/pombo/internal/ui/models/email_model.go:417.38,426.16 3 0
github.com/ybarbara/pombo/internal/ui/models/email_model.go:428.18,430.49 1 0
github.com/ybarbara/pombo/internal/ui/models/email_model.go:430.49,432.4 1 0
github.com/ybarbara/pombo/internal/ui/models/email_model.go:435.3,435.35 1 0
github.com/ybarbara/pombo/internal/ui/models/email_model.go:435.35,443.18 6 0
github.com/ybarbara/pombo/internal/ui/models/email_model.go:443.18,445.5 1 0
github.com/ybarbara/pombo/internal/ui/models/email_model.go:447.4,449.18 3 0
github.com/ybarbara/pombo/internal/ui/models/email_model.go:449.18,451.5 1 0
github.com/ybarbara/pombo/internal/ui/models/email_model.go:453.4,455.18 3 0
github.com/ybarbara/pombo/internal/ui/models/email_model.go:455.18,457.5 1 0
github.com/ybarbara/pombo/internal/ui/models/email_model.go:458.9,460.25 1 0
github.com/ybarbara/pombo/internal/ui/models/email_model.go:461.21,462.51 1 0
github.com/ybarbara/pombo/internal/ui/models/email_model.go:463.21,464.51 1 0
github.com/ybarbara/pombo/internal/ui/models/email_model.go:465.22,466.53 1 0
github.com/ybarbara/pombo/internal/ui/models/email_model.go:469.4,469.18 1 0
github.com/ybarbara/pombo/internal/ui/models/email_model.go:469.18,471.5 1 0
github.com/ybarbara/pombo/internal/ui/models/email_model.go:476.2,478.30 2 0
github.com/ybarbara/pombo/internal/ui/models/email_model.go:482.36,483.14 1 0
github.com/ybarbara/pombo/internal/ui/models/email_model.go:483.14,485.3 1 0
github.com/ybarbara/pombo/internal/ui/models/email_model.go:488.2,488.23 1 0
github.com/ybarbara/pombo/internal/ui/models/email_model.go:489.19,490.31 1 0
github.com/ybarbara/pombo/internal/ui/models/email_model.go:491.19,492.30 1 0
github.com/ybarbara/pombo/internal/ui/models/email_model.go:493.19,494.30 1 0
github.com/ybarbara/pombo/internal/ui/models/email_model.go:495.20,496.31 1 0
github.com/ybarbara/pombo/internal/ui/models/email_model.go:497.10,498.31 1 0
github.com/ybarbara/pombo/internal/ui/models/email_model.go:503.49,504.35 1 0
github.com/ybarbara/pombo/internal/ui/models/email_model.go:504.35,506.3 1 0
github.com/ybarbara/pombo/internal/ui/models/email_model.go:509.2,514.23 4 0
github.com/ybarbara/pombo/internal/ui/models/email_model.go:514.23,518.3 3 0
github.com/ybarbara/pombo/internal/ui/models/email_model.go:521.2,542.3 7 0
github.com/ybarbara/pombo/internal/ui/models/email_model.go:546.44,554.62 4 0
github.com/ybarbara/pombo/internal/ui/models/email_model.go:554.62,556.30 2 0
github.com/ybarbara/pombo/internal/ui/models/email_model.go:556.30,558.4 1 0
github.com/ybarbara/pombo/internal/ui/models/email_model.go:559.3,559.49 1 0
github.com/ybarbara/pombo/internal/ui/models/email_model.go:563.2,563.15 1 0
github.com/ybarbara/pombo/internal/ui/models/email_model.go:563.15,565.3 1 0
github.com/ybarbara/pombo/internal/ui/models/email_model.go:568.2,568.20 1 0
github.com/ybarbara/pombo/internal/ui/models/email_model.go:568.20,571.3 2 0
github.com/ybarbara/pombo/internal/ui/models/email_model.go:573.2,574.61 2 0
github.com/ybarbara/pombo/internal/ui/models/email_model.go:578.44,596.2 7 0
github.com/ybarbara/pombo/internal/ui/models/email_model.go:600.45,601.24 1 0
github.com/ybarbara/pombo/internal/ui/models/email_model.go:601.24,603.46 2 0
github.com/ybarbara/pombo/internal/ui/models/email_model.go:603.46,614.4 2 0
github.com/ybarbara/pombo/internal/ui/models/email_model.go:615.3,615.70 1 0
github.com/ybarbara/pombo/internal/ui/models/email_model.go:619.49,620.24 1 0
github.com/ybarbara/pombo/internal/ui/models/email_model.go:620.24,625.10 2 0
github.com/ybarbara/pombo/internal/ui/models/email_model.go:626.31,627.43 1 0
github.com/ybarbara/pombo/internal/ui/models/email_model.go:632.49,633.24 1 0
github.com/ybarbara/pombo/internal/ui/models/email_model.go:633.24,637.3 2 0
github.com/ybarbara/pombo/internal/ui/models/email_model.go:640.63,641.9 1 0
github.com/ybarbara/pombo/internal/ui/models/email_model.go:642.45,643.29 1 0
github.com/ybarbara/pombo/internal/ui/models/email_model.go:645.48,648.25 3 0
github.com/ybarbara/pombo/internal/ui/models/email_model.go:648.25,652.4 1 0
github.com/ybarbara/pombo/internal/ui/models/email_model.go:654.44,656.35 1 0
github.com/ybarbara/pombo/internal/ui/models/email_model.go:656.35,659.4 2 0
github.com/ybarbara/pombo/internal/ui/models/email_model.go:661.49,663.35 1 0
github.com/ybarbara/pombo/internal/ui/models/email_model.go:663.35,666.4 2 0
github.com/ybarbara/pombo/internal/ui/models/email_model.go:668.48,669.32 1 0
github.com/ybarbara/pombo/internal/ui/models/email_model.go:671.47,673.13 2 0
github.com/ybarbara/pombo/internal/ui/models/email_model.go:675.39,676.26 1 0
github.com/ybarbara/pombo/internal/ui/models/email_model.go:679.2,679.12 1 0
github.com/ybarbara/pombo/internal/ui/models/email_model.go:682.94,685.21 2 0
github.com/ybarbara/pombo/internal/ui/models/email_model.go:686.37,688.69 1 0
github.com/ybarbara/pombo/internal/ui/models/email_model.go:690.43,692.66 1 0
github.com/ybarbara/pombo/internal/ui/models/email_model.go:694.32,696.26 1 0
github.com/ybarbara/pombo/internal/ui/models/email_model.go:696.26,698.4 1 0
github.com/ybarbara/pombo/internal/ui/models/email_model.go:702.2,702.32 1 0
github.com/ybarbara/pombo/internal/ui/models/email_model.go:705.40,707.27 1 0
github.com/ybarbara/pombo/internal/ui/models/email_model.go:707.27,712.3 2 0
github.com/ybarbara/pombo/internal/ui/models/email_model.go:715.48,716.24 1 0
github.com/ybarbara/pombo/internal/ui/models/email_model.go:716.24,718.42 1 0
github.com/ybarbara/pombo/internal/ui/models/email_model.go:718.42,720.4 1 0
github.com/ybarbara/pombo/internal/ui/models/email_model.go:721.3,721.20 1 0
github.com/ybarbara/pombo/internal/ui/models/email_model.go:725.52,726.24 1 0
github.com/ybarbara/pombo/internal/ui/models/email_model.go:726.24,728.25 2 0
github.com/ybarbara/pombo/internal/ui/models/email_model.go:728.25,730.4 1 0
github.com/ybarbara/pombo/internal/ui/models/email_model.go:732.3,733.21 2 0
github.com/ybarbara/pombo/internal/ui/models/email_model.go:733.21,735.4 1 0
github.com/ybarbara/pombo/internal/ui/models/email_model.go:738.3,738.36 1 0
github.com/ybarbara/pombo/internal/ui/models/email_model.go:738.36,739.32 1 0
github.com/ybarbara/pombo/internal/ui/models/email_model.go:739.32,741.75 2 0
github.com/ybarbara/pombo/internal/ui/models/email_model.go:741.75,743.6 1 0
github.com/ybarbara/pombo/internal/ui/models/email_model.go:744.5,744.10 1 0
github.com/ybarbara/pombo/internal/ui/models/email_model.go:748.3,748.13 1 0
github.com/ybarbara/pombo/internal/ui/models/email_model.go:752.52,753.24 1 0
github.com/ybarbara/pombo/internal/ui/models/email_model.go:753.24,755.25 2 0
github.com/ybarbara/pombo/internal/ui/models/email_model.go:755.25,757.4 1 0
github.com/ybarbara/pombo/internal/ui/models/email_model.go:759.3,760.21 2 0
github.com/ybarbara/pombo/internal/ui/models/email_model.go:760.21,762.4 1 0
github.com/ybarbara/pombo/internal/ui/models/email_model.go:765.3,765.36 1 0
github.com/ybarbara/pombo/internal/ui/models/email_model.go:765.36,766.32 1 0
github.com/ybarbara/pombo/internal/ui/models/email_model.go:766.32,768.75 2 0
github.com/ybarbara/pombo/internal/ui/models/email_model.go:768.75,770.6 1 0
github.com/ybarbara/pombo/internal/ui/models/email_model.go:771.5,771.10 1 0
github.com/ybarbara/pombo/internal/ui/models/email_model.go:775.3,775.13 1 0
github.com/ybarbara/pombo/internal/ui/models/email_model.go:779.51,780.24 1 0
github.com/ybarbara/pombo/internal/ui/models/email_model.go:780.24,781.50 1 0
github.com/ybarbara/pombo/internal/ui/models/email_model.go:781.50,792.4 2 0
github.com/ybarbara/pombo/internal/ui/models/email_model.go:793.3,793.58 1 0
github.com/ybarbara/pombo/internal/ui/models/email_model.go:797.45,798.23 1 0
github.com/ybarbara/pombo/internal/ui/models/email_model.go:799.19,800.30 1 0
github.com/ybarbara/pombo/internal/ui/models/email_model.go:801.19,802.30 1 0
github.com/ybarbara/pombo/internal/ui/models/email_model.go:803.20,804.30 1 0
github.com/ybarbara/pombo/internal/ui/models/email_model.go:805.18,806.30 1 0
github.com/ybarbara/pombo/internal/ui/models/email_model.go:808.2,808.12 1 0
github.com/ybarbara/pombo/internal/ui/models/email_model.go:814.51,816.2 1 0
github.com/ybarbara/pombo/internal/ui/models/email_model.go:819.49,821.2 1 0
github.com/ybarbara/pombo/internal/ui/models/email_model.go:824.63,826.2 1 0
github.com/ybarbara/pombo/internal/ui/models/email_model.go:829.39,831.2 1 0
github.com/ybarbara/pombo/internal/ui/models/email_model.go:834.56,836.2 1 0
github.com/ybarbara/pombo/internal/ui/models/email_model.go:839.35,841.2 1 0
github.com/ybarbara/pombo/internal/ui/models/mailbox_model.go:96.43,96.63 1 0
github.com/ybarbara/pombo/internal/ui/models/mailbox_model.go:97.43,97.63 1 0
github.com/ybarbara/pombo/internal/ui/models/mailbox_model.go:98.43,100.2 1 0
github.com/ybarbara/pombo/internal/ui/models/mailbox_model.go:103.42,103.59 1 0
github.com/ybarbara/pombo/internal/ui/models/mailbox_model.go:104.42,104.89 1 0
github.com/ybarbara/pombo/internal/ui/models/mailbox_model.go:105.42,107.2 1 0
github.com/ybarbara/pombo/internal/ui/models/mailbox_model.go:110.87,208.2 14 0
github.com/ybarbara/pombo/internal/ui/models/mailbox_model.go:211.51,220.20 6 0
github.com/ybarbara/pombo/internal/ui/models/mailbox_model.go:220.20,223.3 2 0
github.com/ybarbara/pombo/internal/ui/models/mailbox_model.go:226.2,228.50 3 0
github.com/ybarbara/pombo/internal/ui/models/mailbox_model.go:232.69,236.27 3 0
github.com/ybarbara/pombo/internal/ui/models/mailbox_model.go:237.18,239.10 1 0
github.com/ybarbara/pombo/internal/ui/models/mailbox_model.go:240.46,241.21 1 0
github.com/ybarbara/pombo/internal/ui/models/mailbox_model.go:241.21,242.36 1 0
github.com/ybarbara/pombo/internal/ui/models/mailbox_model.go:242.36,244.6 1 0
github.com/ybarbara/pombo/internal/ui/models/mailbox_model.go:244.11,246.6 1 0
github.com/ybarbara/pombo/internal/ui/models/mailbox_model.go:248.4,248.17 1 0
github.com/ybarbara/pombo/internal/ui/models/mailbox_model.go:250.49,254.17 4 0
github.com/ybarbara/pombo/internal/ui/models/mailbox_model.go:256.40,257.21 1 0
github.com/ybarbara/pombo/internal/ui/models/mailbox_model.go:257.21,259.5 1 0
github.com/ybarbara/pombo/internal/ui/models/mailbox_model.go:260.4,260.17 1 0
github.com/ybarbara/pombo/internal/ui/models/mailbox_model.go:262.41,264.17 2 0
github.com/ybarbara/pombo/internal/ui/models/mailbox_model.go:266.41,267.29 1 0
github.com/ybarbara/pombo/internal/ui/models/mailbox_model.go:269.44,270.29 1 0
github.com/ybarbara/pombo/internal/ui/models/mailbox_model.go:272.46,273.31 1 0
github.com/ybarbara/pombo/internal/ui/models/mailbox_model.go:275.40,276.25 1 0
github.com/ybarbara/pombo/internal/ui/models/mailbox_model.go:278.42,279.27 1 0
github.com/ybarbara/pombo/internal/ui/models/mailbox_model.go:281.43,282.28 1 0
github.com/ybarbara/pombo/internal/ui/models/mailbox_model.go:284.43,285.28 1 0
github.com/ybarbara/pombo/internal/ui/models/mailbox_model.go:289.3,289.51 1 0
github.com/ybarbara/pombo/internal/ui/models/mailbox_model.go:289.51,291.18 2 0
github.com/ybarbara/pombo/internal/ui/models/mailbox_model.go:291.18,293.5 1 0
github.com/ybarbara/pombo/internal/ui/models/mailbox_model.go:294.9,296.18 2 0
github.com/ybarbara/pombo/internal/ui/models/mailbox_model.go:296.18,298.5 1 0
github.com/ybarbara/pombo/internal/ui/models/mailbox_model.go:302.2,302.30 1 0
github.com/ybarbara/pombo/internal/ui/models/mailbox_model.go:306.38,307.14 1 0
github.com/ybarbara/pombo/internal/ui/models/mailbox_model.go:307.14,309.3 1 0
github.com/ybarbara/pombo/internal/ui/models/mailbox_model.go:312.2,316.19 3 0
github.com/ybarbara/pombo/internal/ui/models/mailbox_model.go:316.19,318.3 1 0
github.com/ybarbara/pombo/internal/ui/models/mailbox_model.go:318.8,320.3 1 0
github.com/ybarbara/pombo/internal/ui/models/mailbox_model.go:323.2,330.3 2 0
github.com/ybarbara/pombo/internal/ui/models/mailbox_model.go:334.66,338.44 2 0
github.com/ybarbara/pombo/internal/ui/models/mailbox_model.go:338.44,340.3 1 0
github.com/ybarbara/pombo/internal/ui/models/mailbox_model.go:343.2,343.42 1 0
github.com/ybarbara/pombo/internal/ui/models/mailbox_model.go:343.42,345.3 1 0
github.com/ybarbara/pombo/internal/ui/models/mailbox_model.go:348.2,348.29 1 0
github.com/ybarbara/pombo/internal/ui/models/mailbox_model.go:348.29,350.64 2 0
github.com/ybarbara/pombo/internal/ui/models/mailbox_model.go:350.64,352.4 1 0
github.com/ybarbara/pombo/internal/ui/models/mailbox_model.go:356.2,356.32 1 0
github.com/ybarbara/pombo/internal/ui/models/mailbox_model.go:356.32,358.3 1 0
github.com/ybarbara/pombo/internal/ui/models/mailbox_model.go:361.2,362.24 2 0
github.com/ybarbara/pombo/internal/ui/models/mailbox_model.go:362.24,364.3 1 0
github.com/ybarbara/pombo/internal/ui/models/mailbox_model.go:369.75,372.31 3 0
github.com/ybarbara/pombo/internal/ui/models/mailbox_model.go:372.31,374.3 1 0
github.com/ybarbara/pombo/internal/ui/models/mailbox_model.go:375.2,375.31 1 0
github.com/ybarbara/pombo/internal/ui/models/mailbox_model.go:378.72,381.33 3 0
github.com/ybarbara/pombo/internal/ui/models/mailbox_model.go:381.33,383.3 1 0
github.com/ybarbara/pombo/internal/ui/models/mailbox_model.go:384.2,384.30 1 0
github.com/ybarbara/pombo/internal/ui/models/mailbox_model.go:387.46,388.67 1 0
github.com/ybarbara/pombo/internal/ui/models/mailbox_model.go:388.67,390.3 1 0
github.com/ybarbara/pombo/internal/ui/models/mailbox_model.go:392.2,396.23 4 0
github.com/ybarbara/pombo/internal/ui/models/mailbox_model.go:396.23,398.3 1 0
github.com/ybarbara/pombo/internal/ui/models/mailbox_model.go:398.8,400.3 1 0
github.com/ybarbara/pombo/internal/ui/models/mailbox_model.go:402.2,403.29 2 0
github.com/ybarbara/pombo/internal/ui/models/mailbox_model.go:403.29,405.3 1 0
github.com/ybarbara/pombo/internal/ui/models/mailbox_model.go:407.2,415.64 2 0
github.com/ybarbara/pombo/internal/ui/models/mailbox_model.go:418.53,427.2 3 0
github.com/ybarbara/pombo/internal/ui/models/mailbox_model.go:429.56,431.2 1 0
github.com/ybarbara/pombo/internal/ui/models/mailbox_model.go:433.50,435.33 2 0
github.com/ybarbara/pombo/internal/ui/models/mailbox_model.go:435.33,437.3 1 0
github.com/ybarbara/pombo/internal/ui/models/mailbox_model.go:439.2,439.42 1 0
github.com/ybarbara/pombo/internal/ui/models/mailbox_model.go:442.51,444.19 2 0
github.com/ybarbara/pombo/internal/ui/models/mailbox_model.go:444.19,446.35 2 0
github.com/ybarbara/pombo/internal/ui/models/mailbox_model.go:446.35,449.4 1 0
github.com/ybarbara/pombo/internal/ui/models/mailbox_model.go:450.8,452.3 1 0
github.com/ybarbara/pombo/internal/ui/models/mailbox_model.go:454.2,456.15 2 0
github.com/ybarbara/pombo/internal/ui/models/mailbox_model.go:456.15,459.3 2 0
github.com/ybarbara/pombo/internal/ui/models/mailbox_model.go:461.2,461.20 1 0
github.com/ybarbara/pombo/internal/ui/models/mailbox_model.go:461.20,464.3 2 0
github.com/ybarbara/pombo/internal/ui/models/mailbox_model.go:466.2,466.30 1 0
github.com/ybarbara/pombo/internal/ui/models/mailbox_model.go:469.46,472.50 2 0
github.com/ybarbara/pombo/internal/ui/models/mailbox_model.go:472.50,474.3 1 0
github.com/ybarbara/pombo/internal/ui/models/mailbox_model.go:474.8,476.3 1 0
github.com/ybarbara/pombo/internal/ui/models/mailbox_model.go:478.2,478.19 1 0
github.com/ybarbara/pombo/internal/ui/models/mailbox_model.go:478.19,480.3 1 0
github.com/ybarbara/pombo/internal/ui/models/mailbox_model.go:482.2,485.66 3 0
github.com/ybarbara/pombo/internal/ui/models/mailbox_model.go:485.66,488.3 2 0
github.com/ybarbara/pombo/internal/ui/models/mailbox_model.go:490.2,497.64 2 0
github.com/ybarbara/pombo/internal/ui/models/mailbox_model.go:502.66,503.50 1 0
github.com/ybarbara/pombo/internal/ui/models/mailbox_model.go:503.50,505.63 1 0
github.com/ybarbara/pombo/internal/ui/models/mailbox_model.go:505.63,507.4 1 0
github.com/ybarbara/pombo/internal/ui/models/mailbox_model.go:508.8,510.65 1 0
github.com/ybarbara/pombo/internal/ui/models/mailbox_model.go:510.65,512.4 1 0
github.com/ybarbara/pombo/internal/ui/models/mailbox_model.go:514.2,514.15 1 0
github.com/ybarbara/pombo/internal/ui/models/mailbox_model.go:517.66,518.64 1 0
github.com/ybarbara/pombo/internal/ui/models/mailbox_model.go:518.64,520.3 1 0
github.com/ybarbara/pombo/internal/ui/models/mailbox_model.go:521.2,521.15 1 0
github.com/ybarbara/pombo/internal/ui/models/mailbox_model.go:524.68,525.64 1 0
github.com/ybarbara/pombo/internal/ui/models/mailbox_model.go:525.64,527.3 1 0
github.com/ybarbara/pombo/internal/ui/models/mailbox_model.go:528.2,528.15 1 0
github.com/ybarbara/pombo/internal/ui/models/mailbox_model.go:531.62,532.64 1 0
github.com/ybarbara/pombo/internal/ui/models/mailbox_model.go:532.64,534.3 1 0
github.com/ybarbara/pombo/internal/ui/models/mailbox_model.go:535.2,535.15 1 0
github.com/ybarbara/pombo/internal/ui/models/mailbox_model.go:538.64,539.64 1 0
github.com/ybarbara/pombo/internal/ui/models/mailbox_model.go:539.64,541.3 1 0
github.com/ybarbara/pombo/internal/ui/models/mailbox_model.go:542.2,542.15 1 0
github.com/ybarbara/pombo/internal/ui/models/mailbox_model.go:545.65,546.64 1 0
github.com/ybarbara/pombo/internal/ui/models/mailbox_model.go:546.64,548.3 1 0
github.com/ybarbara/pombo/internal/ui/models/mailbox_model.go:549.2,549.15 1 0
github.com/ybarbara/pombo/internal/ui/models/mailbox_model.go:552.65,554.2 1 0
github.com/ybarbara/pombo/internal/ui/models/mailbox_model.go:558.73,559.24 1 0
github.com/ybarbara/pombo/internal/ui/models/mailbox_model.go:559.24,560.68 1 0
github.com/ybarbara/pombo/internal/ui/models/mailbox_model.go:560.68,562.4 1 0
github.com/ybarbara/pombo/internal/ui/models/mailbox_model.go:564.3,564.95 1 0
github.com/ybarbara/pombo/internal/ui/models/mailbox_model.go:564.95,566.4 1 0
github.com/ybarbara/pombo/internal/ui/models/mailbox_model.go:567.3,567.13 1 0
github.com/ybarbara/pombo/internal/ui/models/mailbox_model.go:571.70,572.24 1 0
github.com/ybarbara/pombo/internal/ui/models/mailbox_model.go:572.24,576.3 1 0
github.com/ybarbara/pombo/internal/ui/models/mailbox_model.go:579.74,580.24 1 0
github.com/ybarbara/pombo/internal/ui/models/mailbox_model.go:580.24,581.68 1 0
github.com/ybarbara/pombo/internal/ui/models/mailbox_model.go:581.68,583.4 1 0
github.com/ybarbara/pombo/internal/ui/models/mailbox_model.go:585.3,585.96 1 0
github.com/ybarbara/pombo/internal/ui/models/mailbox_model.go:585.96,587.4 1 0
github.com/ybarbara/pombo/internal/ui/models/mailbox_model.go:588.3,588.13 1 0
github.com/ybarbara/pombo/internal/ui/models/mailbox_model.go:592.76,593.24 1 0
github.com/ybarbara/pombo/internal/ui/models/mailbox_model.go:593.24,594.68 1 0
github.com/ybarbara/pombo/internal/ui/models/mailbox_model.go:594.68,596.4 1 0
github.com/ybarbara/pombo/internal/ui/models/mailbox_model.go:598.3,598.98 1 0
github.com/ybarbara/pombo/internal/ui/models/mailbox_model.go:598.98,600.4 1 0
github.com/ybarbara/pombo/internal/ui/models/mailbox_model.go:601.3,601.13 1 0
github.com/ybarbara/pombo/internal/ui/models/mailbox_model.go:605.70,606.24 1 0
github.com/ybarbara/pombo/internal/ui/models/mailbox_model.go:606.24,607.68 1 0
github.com/ybarbara/pombo/internal/ui/models/mailbox_model.go:607.68,609.4 1 0
github.com/ybarbara/pombo/internal/ui/models/mailbox_model.go:611.3,612.20 2 0
github.com/ybarbara/pombo/internal/ui/models/mailbox_model.go:612.20,614.4 1 0
github.com/ybarbara/pombo/internal/ui/models/mailbox_model.go:614.9,616.4 1 0
github.com/ybarbara/pombo/internal/ui/models/mailbox_model.go:618.3,618.17 1 0
github.com/ybarbara/pombo/internal/ui/models/mailbox_model.go:618.17,620.4 1 0
github.com/ybarbara/pombo/internal/ui/models/mailbox_model.go:621.3,621.13 1 0
github.com/ybarbara/pombo/internal/ui/models/mailbox_model.go:625.72,626.24 1 0
github.com/ybarbara/pombo/internal/ui/models/mailbox_model.go:626.24,627.68 1 0
github.com/ybarbara/pombo/internal/ui/models/mailbox_model.go:627.68,629.4 1 0
github.com/ybarbara/pombo/internal/ui/models/mailbox_model.go:631.3,631.101 1 0
github.com/ybarbara/pombo/internal/ui/models/mailbox_model.go:631.101,633.4 1 0
github.com/ybarbara/pombo/internal/ui/models/mailbox_model.go:634.3,634.13 1 0
github.com/ybarbara/pombo/internal/ui/models/mailbox_model.go:638.73,639.24 1 0
github.com/ybarbara/pombo/internal/ui/models/mailbox_model.go:639.24,640.68 1 0
github.com/ybarbara/pombo/internal/ui/models/mailbox_model.go:640.68,642.4 1 0
github.com/ybarbara/pombo/internal/ui/models/mailbox_model.go:645.3,645.110 1 0
github.com/ybarbara/pombo/internal/ui/models/mailbox_model.go:645.110,647.4 1 0
github.com/ybarbara/pombo/internal/ui/models/mailbox_model.go:648.3,648.13 1 0
github.com/ybarbara/pombo/internal/ui/models/mailbox_model.go:652.49,653.24 1 0
github.com/ybarbara/pombo/internal/ui/models/mailbox_model.go:653.24,654.50 1 0
github.com/ybarbara/pombo/internal/ui/models/mailbox_model.go:654.50,656.4 1 0
github.com/ybarbara/pombo/internal/ui/models/mailbox_model.go:657.3,657.13 1 0
github.com/ybarbara/pombo/internal/ui/models/mailbox_model.go:668.24,669.11 1 0
github.com/ybarbara/pombo/internal/ui/models/mailbox_model.go:669.11,671.3 1 0
github.com/ybarbara/pombo/internal/ui/models/mailbox_model.go:672.2,672.10 1 0
github.com/ybarbara/pombo/internal/ui/models/message_model.go:41.87,50.2 1 0
github.com/ybarbara/pombo/internal/ui/models/message_model.go:53.51,59.26 4 0
github.com/ybarbara/pombo/internal/ui/models/message_model.go:59.26,61.3 1 0
github.com/ybarbara/pombo/internal/ui/models/message_model.go:65.69,66.27 1 0
github.com/ybarbara/pombo/internal/ui/models/message_model.go:67.18,68.23 1 0
github.com/ybarbara/pombo/internal/ui/models/message_model.go:69.20,70.36 1 0
github.com/ybarbara/pombo/internal/ui/models/message_model.go:70.36,72.5 1 0
github.com/ybarbara/pombo/internal/ui/models/message_model.go:73.18,74.26 1 0
github.com/ybarbara/pombo/internal/ui/models/message_model.go:74.26,76.5 1 0
github.com/ybarbara/pombo/internal/ui/models/message_model.go:77.12,78.22 1 0
github.com/ybarbara/pombo/internal/ui/models/message_model.go:79.12,80.32 1 0
github.com/ybarbara/pombo/internal/ui/models/message_model.go:81.12,83.29 2 0
github.com/ybarbara/pombo/internal/ui/models/message_model.go:84.17,86.29 2 0
github.com/ybarbara/pombo/internal/ui/models/message_model.go:87.12,88.28 1 0
github.com/ybarbara/pombo/internal/ui/models/message_model.go:89.12,90.30 1 0
github.com/ybarbara/pombo/internal/ui/models/message_model.go:93.21,94.30 1 0
github.com/ybarbara/pombo/internal/ui/models/message_model.go:94.30,95.58 1 0
github.com/ybarbara/pombo/internal/ui/models/message_model.go:95.58,98.5 2 0
github.com/ybarbara/pombo/internal/ui/models/message_model.go:102.2,102.15 1 0
github.com/ybarbara/pombo/internal/ui/models/message_model.go:106.38,107.14 1 0
github.com/ybarbara/pombo/internal/ui/models/message_model.go:107.14,109.3 1 0
github.com/ybarbara/pombo/internal/ui/models/message_model.go:111.2,111.29 1 0
github.com/ybarbara/pombo/internal/ui/models/message_model.go:111.29,113.3 1 0
github.com/ybarbara/pombo/internal/ui/models/message_model.go:115.2,115.15 1 0
github.com/ybarbara/pombo/internal/ui/models/message_model.go:115.15,117.3 1 0
github.com/ybarbara/pombo/internal/ui/models/message_model.go:119.2,119.26 1 0
github.com/ybarbara/pombo/internal/ui/models/message_model.go:119.26,121.3 1 0
github.com/ybarbara/pombo/internal/ui/models/message_model.go:124.2,137.3 4 0
github.com/ybarbara/pombo/internal/ui/models/message_model.go:141.66,143.2 1 0
github.com/ybarbara/pombo/internal/ui/models/message_model.go:146.69,150.2 3 0
github.com/ybarbara/pombo/internal/ui/models/message_model.go:154.49,157.2 2 0
github.com/ybarbara/pombo/internal/ui/models/message_model.go:159.47,162.2 2 0
github.com/ybarbara/pombo/internal/ui/models/message_model.go:164.52,167.2 2 0
github.com/ybarbara/pombo/internal/ui/models/message_model.go:169.53,170.26 1 0
github.com/ybarbara/pombo/internal/ui/models/message_model.go:170.26,172.3 1 0
github.com/ybarbara/pombo/internal/ui/models/message_model.go:174.2,178.17 3 0
github.com/ybarbara/pombo/internal/ui/models/message_model.go:178.17,180.3 1 0
github.com/ybarbara/pombo/internal/ui/models/message_model.go:181.2,181.19 1 0
github.com/ybarbara/pombo/internal/ui/models/message_model.go:181.19,183.3 1 0
github.com/ybarbara/pombo/internal/ui/models/message_model.go:184.2,184.24 1 0
github.com/ybarbara/pombo/internal/ui/models/message_model.go:184.24,186.3 1 0
github.com/ybarbara/pombo/internal/ui/models/message_model.go:187.2,187.21 1 0
github.com/ybarbara/pombo/internal/ui/models/message_model.go:187.21,189.3 1 0
github.com/ybarbara/pombo/internal/ui/models/message_model.go:190.2,190.18 1 0
github.com/ybarbara/pombo/internal/ui/models/message_model.go:190.18,192.3 1 0
github.com/ybarbara/pombo/internal/ui/models/message_model.go:194.2,195.25 2 0
github.com/ybarbara/pombo/internal/ui/models/message_model.go:195.25,197.3 1 0
github.com/ybarbara/pombo/internal/ui/models/message_model.go:200.2,209.19 2 0
github.com/ybarbara/pombo/internal/ui/models/message_model.go:209.19,212.22 3 0
github.com/ybarbara/pombo/internal/ui/models/message_model.go:212.22,215.4 1 0
github.com/ybarbara/pombo/internal/ui/models/message_model.go:217.3,222.4 1 0
github.com/ybarbara/pombo/internal/ui/models/message_model.go:225.2,225.54 1 0
github.com/ybarbara/pombo/internal/ui/models/message_model.go:228.47,229.26 1 0
github.com/ybarbara/pombo/internal/ui/models/message_model.go:229.26,231.3 1 0
github.com/ybarbara/pombo/internal/ui/models/message_model.go:234.2,235.19 2 0
github.com/ybarbara/pombo/internal/ui/models/message_model.go:235.19,237.3 1 0
github.com/ybarbara/pombo/internal/ui/models/message_model.go:240.2,245.41 4 0
github.com/ybarbara/pombo/internal/ui/models/message_model.go:245.41,247.3 1 0
github.com/ybarbara/pombo/internal/ui/models/message_model.go:249.2,251.53 2 0
github.com/ybarbara/pombo/internal/ui/models/message_model.go:254.53,255.26 1 0
github.com/ybarbara/pombo/internal/ui/models/message_model.go:255.26,257.3 1 0
github.com/ybarbara/pombo/internal/ui/models/message_model.go:260.2,261.21 2 0
github.com/ybarbara/pombo/internal/ui/models/message_model.go:261.21,266.3 1 0
github.com/ybarbara/pombo/internal/ui/models/message_model.go:269.2,278.64 3 0
github.com/ybarbara/pombo/internal/ui/models/message_model.go:281.48,282.26 1 0
github.com/ybarbara/pombo/internal/ui/models/message_model.go:282.26,285.3 2 0
github.com/ybarbara/pombo/internal/ui/models/message_model.go:288.2,289.19 2 0
github.com/ybarbara/pombo/internal/ui/models/message_model.go:289.19,292.3 1 0
github.com/ybarbara/pombo/internal/ui/models/message_model.go:294.2,297.34 3 0
github.com/ybarbara/pombo/internal/ui/models/message_model.go:297.34,299.3 1 0
github.com/ybarbara/pombo/internal/ui/models/message_model.go:299.8,301.3 1 0
github.com/ybarbara/pombo/internal/ui/models/message_model.go:304.83,305.25 1 0
github.com/ybarbara/pombo/internal/ui/models/message_model.go:305.25,307.3 1 0
github.com/ybarbara/pombo/internal/ui/models/message_model.go:309.2,310.33 2 0
github.com/ybarbara/pombo/internal/ui/models/message_model.go:310.33,312.3 1 0
github.com/ybarbara/pombo/internal/ui/models/message_model.go:314.2,314.34 1 0
github.com/ybarbara/pombo/internal/ui/models/message_model.go:317.50,318.24 1 0
github.com/ybarbara/pombo/internal/ui/models/message_model.go:318.24,319.95 1 0
github.com/ybarbara/pombo/internal/ui/models/message_model.go:319.95,321.4 1 0
github.com/ybarbara/pombo/internal/ui/models/message_model.go:323.3,327.17 3 0
github.com/ybarbara/pombo/internal/ui/models/message_model.go:327.17,330.4 2 0
github.com/ybarbara/pombo/internal/ui/models/message_model.go:332.3,337.22 4 0
github.com/ybarbara/pombo/internal/ui/models/message_model.go:337.22,338.14 1 0
github.com/ybarbara/pombo/internal/ui/models/message_model.go:338.14,339.102 1 0
github.com/ybarbara/pombo/internal/ui/models/message_model.go:339.102,341.6 1 0
github.com/ybarbara/pombo/internal/ui/models/message_model.go:345.3,345.13 1 0
github.com/ybarbara/pombo/internal/ui/models/message_model.go:349.45,350.24 1 0
github.com/ybarbara/pombo/internal/ui/models/message_model.go:350.24,351.27 1 0
github.com/ybarbara/pombo/internal/ui/models/message_model.go:351.27,353.4 1 0
github.com/ybarbara/pombo/internal/ui/models/message_model.go:355.3,361.4 1 0
github.com/ybarbara/pombo/internal/ui/models/message_model.go:365.47,366.24 1 0
github.com/ybarbara/pombo/internal/ui/models/message_model.go:366.24,367.27 1 0
github.com/ybarbara/pombo/internal/ui/models/message_model.go:367.27,369.4 1 0
github.com/ybarbara/pombo/internal/ui/models/message_model.go:371.3,377.4 1 0
github.com/ybarbara/pombo/internal/ui/models/message_model.go:382.24,383.11 1 0
github.com/ybarbara/pombo/internal/ui/models/message_model.go:383.11,385.3 1 0
github.com/ybarbara/pombo/internal/ui/models/message_model.go:386.2,386.10 1 0
github.com/ybarbara/pombo/internal/ui/components/account_list.go:24.51,47.2 1 1
github.com/ybarbara/pombo/internal/ui/components/account_list.go:66.65,75.2 1 1
github.com/ybarbara/pombo/internal/ui/components/account_list.go:78.39,80.2 1 0
github.com/ybarbara/pombo/internal/ui/components/account_list.go:83.68,84.27 1 1
github.com/ybarbara/pombo/internal/ui/components/account_list.go:85.25,88.17 3 1
github.com/ybarbara/pombo/internal/ui/components/account_list.go:90.18,91.18 1 0
github.com/ybarbara/pombo/internal/ui/components/account_list.go:91.18,93.4 1 0
github.com/ybarbara/pombo/internal/ui/components/account_list.go:95.3,95.10 1 0
github.com/ybarbara/pombo/internal/ui/components/account_list.go:96.39,97.26 1 0
github.com/ybarbara/pombo/internal/ui/components/account_list.go:97.26,99.5 1 0
github.com/ybarbara/pombo/internal/ui/components/account_list.go:100.4,100.18 1 0
github.com/ybarbara/pombo/internal/ui/components/account_list.go:102.41,103.43 1 0
github.com/ybarbara/pombo/internal/ui/components/account_list.go:103.43,105.5 1 0
github.com/ybarbara/pombo/internal/ui/components/account_list.go:106.4,106.18 1 0
github.com/ybarbara/pombo/internal/ui/components/account_list.go:108.43,109.33 1 0
github.com/ybarbara/pombo/internal/ui/components/account_list.go:111.44,112.35 1 0
github.com/ybarbara/pombo/internal/ui/components/account_list.go:114.47,116.18 1 0
github.com/ybarbara/pombo/internal/ui/components/account_list.go:119.30,121.19 1 0
github.com/ybarbara/pombo/internal/ui/components/account_list.go:125.37,126.35 1 0
github.com/ybarbara/pombo/internal/ui/components/account_list.go:129.28,135.41 4 0
github.com/ybarbara/pombo/internal/ui/components/account_list.go:135.41,137.4 1 0
github.com/ybarbara/pombo/internal/ui/components/account_list.go:138.3,138.25 1 0
github.com/ybarbara/pombo/internal/ui/components/account_list.go:138.25,140.4 1 0
github.com/ybarbara/pombo/internal/ui/components/account_list.go:142.3,142.17 1 0
github.com/ybarbara/pombo/internal/ui/components/account_list.go:144.30,147.17 3 0
github.com/ybarbara/pombo/internal/ui/components/account_list.go:150.2,150.16 1 0
github.com/ybarbara/pombo/internal/ui/components/account_list.go:154.38,155.37 1 1
github.com/ybarbara/pombo/internal/ui/components/account_list.go:155.37,157.3 1 0
github.com/ybarbara/pombo/internal/ui/components/account_list.go:159.2,163.16 3 1
github.com/ybarbara/pombo/internal/ui/components/account_list.go:163.16,165.3 1 0
github.com/ybarbara/pombo/internal/ui/components/account_list.go:167.2,172.20 4 1
github.com/ybarbara/pombo/internal/ui/components/account_list.go:172.20,176.3 3 0
github.com/ybarbara/pombo/internal/ui/components/account_list.go:179.2,179.27 1 1
github.com/ybarbara/pombo/internal/ui/components/account_list.go:179.27,180.18 1 0
github.com/ybarbara/pombo/internal/ui/components/account_list.go:180.18,183.4 2 0
github.com/ybarbara/pombo/internal/ui/components/account_list.go:184.8,185.39 1 1
github.com/ybarbara/pombo/internal/ui/components/account_list.go:185.39,189.4 3 1
github.com/ybarbara/pombo/internal/ui/components/account_list.go:193.2,193.16 1 1
github.com/ybarbara/pombo/internal/ui/components/account_list.go:193.16,197.3 3 0
github.com/ybarbara/pombo/internal/ui/components/account_list.go:200.2,204.16 2 1
github.com/ybarbara/pombo/internal/ui/components/account_list.go:204.16,207.3 1 0
github.com/ybarbara/pombo/internal/ui/components/account_list.go:209.2,209.48 1 1
github.com/ybarbara/pombo/internal/ui/components/account_list.go:213.90,220.28 4 1
github.com/ybarbara/pombo/internal/ui/components/account_list.go:220.28,223.3 2 0
github.com/ybarbara/pombo/internal/ui/components/account_list.go:223.8,223.36 1 1
github.com/ybarbara/pombo/internal/ui/components/account_list.go:223.36,225.3 1 1
github.com/ybarbara/pombo/internal/ui/components/account_list.go:228.2,231.9 3 1
github.com/ybarbara/pombo/internal/ui/components/account_list.go:232.26,234.36 2 0
github.com/ybarbara/pombo/internal/ui/components/account_list.go:235.28,237.34 2 0
github.com/ybarbara/pombo/internal/ui/components/account_list.go:238.10,240.35 2 1
github.com/ybarbara/pombo/internal/ui/components/account_list.go:244.2,249.29 4 1
github.com/ybarbara/pombo/internal/ui/components/account_list.go:249.29,252.3 2 1
github.com/ybarbara/pombo/internal/ui/components/account_list.go:255.2,255.44 1 1
github.com/ybarbara/pombo/internal/ui/components/account_list.go:255.44,258.3 2 1
github.com/ybarbara/pombo/internal/ui/components/account_list.go:260.2,260.25 1 1
github.com/ybarbara/pombo/internal/ui/components/account_list.go:264.51,273.2 3 0
github.com/ybarbara/pombo/internal/ui/components/account_list.go:276.32,278.2 1 1
github.com/ybarbara/pombo/internal/ui/components/account_list.go:281.31,283.2 1 1
github.com/ybarbara/pombo/internal/ui/components/account_list.go:286.39,288.2 1 1
github.com/ybarbara/pombo/internal/ui/components/account_list.go:291.67,292.87 1 0
github.com/ybarbara/pombo/internal/ui/components/account_list.go:292.87,294.3 1 0
github.com/ybarbara/pombo/internal/ui/components/account_list.go:295.2,295.37 1 0
github.com/ybarbara/pombo/internal/ui/components/account_list.go:299.51,302.2 2 1
github.com/ybarbara/pombo/internal/ui/components/account_list.go:305.50,308.24 2 0
github.com/ybarbara/pombo/internal/ui/components/account_list.go:308.24,310.22 2 0
github.com/ybarbara/pombo/internal/ui/components/account_list.go:310.22,312.4 1 0
github.com/ybarbara/pombo/internal/ui/components/account_list.go:314.3,314.50 1 0
github.com/ybarbara/pombo/internal/ui/components/account_list.go:319.48,320.62 1 0
github.com/ybarbara/pombo/internal/ui/components/account_list.go:320.62,322.3 1 0
github.com/ybarbara/pombo/internal/ui/components/account_list.go:324.2,326.24 2 0
github.com/ybarbara/pombo/internal/ui/components/account_list.go:326.24,328.17 2 0
github.com/ybarbara/pombo/internal/ui/components/account_list.go:328.17,330.4 1 0
github.com/ybarbara/pombo/internal/ui/components/account_list.go:332.3,332.59 1 0
github.com/ybarbara/pombo/internal/ui/components/compose_form.go:31.51,66.2 1 1
github.com/ybarbara/pombo/internal/ui/components/compose_form.go:117.65,164.2 23 1
github.com/ybarbara/pombo/internal/ui/components/compose_form.go:167.39,169.2 1 0
github.com/ybarbara/pombo/internal/ui/components/compose_form.go:172.68,175.27 2 0
github.com/ybarbara/pombo/internal/ui/components/compose_form.go:176.25,180.17 4 0
github.com/ybarbara/pombo/internal/ui/components/compose_form.go:182.18,183.10 1 0
github.com/ybarbara/pombo/internal/ui/components/compose_form.go:184.46,186.18 2 0
github.com/ybarbara/pombo/internal/ui/components/compose_form.go:188.46,190.18 2 0
github.com/ybarbara/pombo/internal/ui/components/compose_form.go:192.41,193.25 1 0
github.com/ybarbara/pombo/internal/ui/components/compose_form.go:193.25,195.5 1 0
github.com/ybarbara/pombo/internal/ui/components/compose_form.go:196.4,196.18 1 0
github.com/ybarbara/pombo/internal/ui/components/compose_form.go:198.46,199.29 1 0
github.com/ybarbara/pombo/internal/ui/components/compose_form.go:201.50,202.33 1 0
github.com/ybarbara/pombo/internal/ui/components/compose_form.go:204.43,205.26 1 0
github.com/ybarbara/pombo/internal/ui/components/compose_form.go:207.50,208.25 1 0
github.com/ybarbara/pombo/internal/ui/components/compose_form.go:208.25,210.5 1 0
github.com/ybarbara/pombo/internal/ui/components/compose_form.go:211.4,211.18 1 0
github.com/ybarbara/pombo/internal/ui/components/compose_form.go:213.44,215.18 2 0
github.com/ybarbara/pombo/internal/ui/components/compose_form.go:218.33,221.18 3 0
github.com/ybarbara/pombo/internal/ui/components/compose_form.go:223.33,226.18 3 0
github.com/ybarbara/pombo/internal/ui/components/compose_form.go:229.21,234.17 5 0
github.com/ybarbara/pombo/internal/ui/components/compose_form.go:236.23,242.17 6 0
github.com/ybarbara/pombo/internal/ui/components/compose_form.go:244.26,250.17 6 0
github.com/ybarbara/pombo/internal/ui/components/compose_form.go:252.25,258.17 6 0
github.com/ybarbara/pombo/internal/ui/components/compose_form.go:260.23,265.17 5 0
github.com/ybarbara/pombo/internal/ui/components/compose_form.go:267.22,270.29 3 0
github.com/ybarbara/pombo/internal/ui/components/compose_form.go:270.29,272.4 1 0
github.com/ybarbara/pombo/internal/ui/components/compose_form.go:274.27,277.17 3 0
github.com/ybarbara/pombo/internal/ui/components/compose_form.go:279.21,283.17 4 0
github.com/ybarbara/pombo/internal/ui/components/compose_form.go:285.25,288.17 3 0
github.com/ybarbara/pombo/internal/ui/components/compose_form.go:290.26,292.17 2 0
github.com/ybarbara/pombo/internal/ui/components/compose_form.go:296.2,296.25 1 0
github.com/ybarbara/pombo/internal/ui/components/compose_form.go:297.9,298.49 1 0
github.com/ybarbara/pombo/internal/ui/components/compose_form.go:299.9,300.16 1 0
github.com/ybarbara/pombo/internal/ui/components/compose_form.go:300.16,302.4 1 0
github.com/ybarbara/pombo/internal/ui/components/compose_form.go:303.9,304.17 1 0
github.com/ybarbara/pombo/internal/ui/components/compose_form.go:304.17,306.4 1 0
github.com/ybarbara/pombo/internal/ui/components/compose_form.go:307.33,308.59 1 0
github.com/ybarbara/pombo/internal/ui/components/compose_form.go:309.30,312.27 3 0
github.com/ybarbara/pombo/internal/ui/components/compose_form.go:316.2,316.66 1 0
github.com/ybarbara/pombo/internal/ui/components/compose_form.go:316.66,317.22 1 0
github.com/ybarbara/pombo/internal/ui/components/compose_form.go:317.22,320.4 2 0
github.com/ybarbara/pombo/internal/ui/components/compose_form.go:323.2,323.31 1 0
github.com/ybarbara/pombo/internal/ui/components/compose_form.go:327.38,328.37 1 1
github.com/ybarbara/pombo/internal/ui/components/compose_form.go:328.37,330.3 1 0
github.com/ybarbara/pombo/internal/ui/components/compose_form.go:332.2,340.20 5 1
github.com/ybarbara/pombo/internal/ui/components/compose_form.go:340.20,344.3 3 0
github.com/ybarbara/pombo/internal/ui/components/compose_form.go:347.2,362.48 7 1
github.com/ybarbara/pombo/internal/ui/components/compose_form.go:366.43,367.37 1 1
github.com/ybarbara/pombo/internal/ui/components/compose_form.go:367.37,369.3 1 0
github.com/ybarbara/pombo/internal/ui/components/compose_form.go:372.2,373.21 2 1
github.com/ybarbara/pombo/internal/ui/components/compose_form.go:373.21,375.3 1 0
github.com/ybarbara/pombo/internal/ui/components/compose_form.go:378.2,385.15 6 1
github.com/ybarbara/pombo/internal/ui/components/compose_form.go:385.15,387.3 1 0
github.com/ybarbara/pombo/internal/ui/components/compose_form.go:388.2,388.16 1 1
github.com/ybarbara/pombo/internal/ui/components/compose_form.go:388.16,390.3 1 0
github.com/ybarbara/pombo/internal/ui/components/compose_form.go:391.2,391.29 1 1
github.com/ybarbara/pombo/internal/ui/components/compose_form.go:391.29,393.3 1 0
github.com/ybarbara/pombo/internal/ui/components/compose_form.go:394.2,394.20 1 1
github.com/ybarbara/pombo/internal/ui/components/compose_form.go:394.20,396.3 1 0
github.com/ybarbara/pombo/internal/ui/components/compose_form.go:398.2,399.31 2 1
github.com/ybarbara/pombo/internal/ui/components/compose_form.go:403.46,405.17 2 1
github.com/ybarbara/pombo/internal/ui/components/compose_form.go:406.18,407.35 1 1
github.com/ybarbara/pombo/internal/ui/components/compose_form.go:408.20,409.32 1 0
github.com/ybarbara/pombo/internal/ui/components/compose_form.go:410.23,411.27 1 0
github.com/ybarbara/pombo/internal/ui/components/compose_form.go:412.22,413.31 1 0
github.com/ybarbara/pombo/internal/ui/components/compose_form.go:414.20,415.28 1 0
github.com/ybarbara/pombo/internal/ui/components/compose_form.go:418.2,421.16 2 1
github.com/ybarbara/pombo/internal/ui/components/compose_form.go:421.16,423.3 1 0
github.com/ybarbara/pombo/internal/ui/components/compose_form.go:423.8,423.22 1 1
github.com/ybarbara/pombo/internal/ui/components/compose_form.go:423.22,425.3 1 0
github.com/ybarbara/pombo/internal/ui/components/compose_form.go:425.8,425.23 1 1
github.com/ybarbara/pombo/internal/ui/components/compose_form.go:425.23,427.3 1 0
github.com/ybarbara/pombo/internal/ui/components/compose_form.go:429.2,429.19 1 1
github.com/ybarbara/pombo/internal/ui/components/compose_form.go:433.44,448.15 9 1
github.com/ybarbara/pombo/internal/ui/components/compose_form.go:448.15,453.3 4 0
github.com/ybarbara/pombo/internal/ui/components/compose_form.go:456.2,456.16 1 1
github.com/ybarbara/pombo/internal/ui/components/compose_form.go:456.16,461.3 4 0
github.com/ybarbara/pombo/internal/ui/components/compose_form.go:464.2,470.29 5 1
github.com/ybarbara/pombo/internal/ui/components/compose_form.go:470.29,474.3 3 0
github.com/ybarbara/pombo/internal/ui/components/compose_form.go:477.2,482.111 4 1
github.com/ybarbara/pombo/internal/ui/components/compose_form.go:482.111,486.3 3 0
github.com/ybarbara/pombo/internal/ui/components/compose_form.go:488.2,488.22 1 1
github.com/ybarbara/pombo/internal/ui/components/compose_form.go:492.93,495.35 2 1
github.com/ybarbara/pombo/internal/ui/components/compose_form.go:495.35,497.3 1 1
github.com/ybarbara/pombo/internal/ui/components/compose_form.go:499.2,500.14 2 1
github.com/ybarbara/pombo/internal/ui/components/compose_form.go:500.14,502.3 1 1
github.com/ybarbara/pombo/internal/ui/components/compose_form.go:505.2,505.59 1 1
github.com/ybarbara/pombo/internal/ui/components/compose_form.go:509.51,514.44 4 0
github.com/ybarbara/pombo/internal/ui/components/compose_form.go:514.44,520.32 3 0
github.com/ybarbara/pombo/internal/ui/components/compose_form.go:520.32,522.4 1 0
github.com/ybarbara/pombo/internal/ui/components/compose_form.go:525.2,525.29 1 0
github.com/ybarbara/pombo/internal/ui/components/compose_form.go:529.53,530.23 1 0
github.com/ybarbara/pombo/internal/ui/components/compose_form.go:530.23,532.3 1 0
github.com/ybarbara/pombo/internal/ui/components/compose_form.go:534.2,547.30 8 0
github.com/ybarbara/pombo/internal/ui/components/compose_form.go:547.30,549.30 2 0
github.com/ybarbara/pombo/internal/ui/components/compose_form.go:549.30,552.4 2 0
github.com/ybarbara/pombo/internal/ui/components/compose_form.go:555.2,555.24 1 0
github.com/ybarbara/pombo/internal/ui/components/compose_form.go:559.46,571.16 3 1
github.com/ybarbara/pombo/internal/ui/components/compose_form.go:571.16,573.3 1 1
github.com/ybarbara/pombo/internal/ui/components/compose_form.go:574.2,574.17 1 1
github.com/ybarbara/pombo/internal/ui/components/compose_form.go:574.17,576.3 1 1
github.com/ybarbara/pombo/internal/ui/components/compose_form.go:578.2,581.24 3 1
github.com/ybarbara/pombo/internal/ui/components/compose_form.go:585.36,589.2 3 1
github.com/ybarbara/pombo/internal/ui/components/compose_form.go:591.36,593.26 2 1
github.com/ybarbara/pombo/internal/ui/components/compose_form.go:593.26,595.3 1 0
github.com/ybarbara/pombo/internal/ui/components/compose_form.go:595.8,597.3 1 1
github.com/ybarbara/pombo/internal/ui/components/compose_form.go:598.2,598.24 1 1
github.com/ybarbara/pombo/internal/ui/components/compose_form.go:601.44,602.25 1 1
github.com/ybarbara/pombo/internal/ui/components/compose_form.go:603.9,604.16 1 1
github.com/ybarbara/pombo/internal/ui/components/compose_form.go:605.9,606.16 1 1
github.com/ybarbara/pombo/internal/ui/components/compose_form.go:606.16,608.4 1 0
github.com/ybarbara/pombo/internal/ui/components/compose_form.go:609.9,610.17 1 0
github.com/ybarbara/pombo/internal/ui/components/compose_form.go:610.17,612.4 1 0
github.com/ybarbara/pombo/internal/ui/components/compose_form.go:613.33,614.21 1 0
github.com/ybarbara/pombo/internal/ui/components/compose_form.go:615.30,616.18 1 0
github.com/ybarbara/pombo/internal/ui/components/compose_form.go:620.43,626.2 5 1
github.com/ybarbara/pombo/internal/ui/components/compose_form.go:628.43,630.15 2 1
github.com/ybarbara/pombo/internal/ui/components/compose_form.go:630.15,632.3 1 1
github.com/ybarbara/pombo/internal/ui/components/compose_form.go:633.2,633.16 1 1
github.com/ybarbara/pombo/internal/ui/components/compose_form.go:633.16,635.3 1 1
github.com/ybarbara/pombo/internal/ui/components/compose_form.go:636.2,637.23 2 1
github.com/ybarbara/pombo/internal/ui/components/compose_form.go:641.46,643.2 1 0
github.com/ybarbara/pombo/internal/ui/components/compose_form.go:645.47,646.15 1 0
github.com/ybarbara/pombo/internal/ui/components/compose_form.go:646.15,648.3 1 0
github.com/ybarbara/pombo/internal/ui/components/compose_form.go:649.2,649.10 1 0
github.com/ybarbara/pombo/internal/ui/components/compose_form.go:652.51,654.15 2 1
github.com/ybarbara/pombo/internal/ui/components/compose_form.go:654.15,656.3 1 0
github.com/ybarbara/pombo/internal/ui/components/compose_form.go:657.2,657.16 1 1
github.com/ybarbara/pombo/internal/ui/components/compose_form.go:657.16,659.3 1 0
github.com/ybarbara/pombo/internal/ui/components/compose_form.go:660.2,660.14 1 1
github.com/ybarbara/pombo/internal/ui/components/compose_form.go:663.48,665.2 1 1
github.com/ybarbara/pombo/internal/ui/components/compose_form.go:668.32,686.2 17 1
github.com/ybarbara/pombo/internal/ui/components/compose_form.go:688.42,691.2 0 0
github.com/ybarbara/pombo/internal/ui/components/compose_form.go:693.50,694.23 1 1
github.com/ybarbara/pombo/internal/ui/components/compose_form.go:694.23,696.3 1 0
github.com/ybarbara/pombo/internal/ui/components/compose_form.go:699.2,702.14 2 1
github.com/ybarbara/pombo/internal/ui/components/compose_form.go:702.14,704.38 2 1
github.com/ybarbara/pombo/internal/ui/components/compose_form.go:704.38,706.4 1 1
github.com/ybarbara/pombo/internal/ui/components/compose_form.go:707.3,707.27 1 1
github.com/ybarbara/pombo/internal/ui/components/compose_form.go:707.27,710.4 2 1
github.com/ybarbara/pombo/internal/ui/components/compose_form.go:714.2,715.57 2 1
github.com/ybarbara/pombo/internal/ui/components/compose_form.go:715.57,717.3 1 1
github.com/ybarbara/pombo/internal/ui/components/compose_form.go:718.2,721.24 3 1
github.com/ybarbara/pombo/internal/ui/components/compose_form.go:724.39,725.23 1 1
github.com/ybarbara/pombo/internal/ui/components/compose_form.go:725.23,727.3 1 0
github.com/ybarbara/pombo/internal/ui/components/compose_form.go:730.2,731.58 2 1
github.com/ybarbara/pombo/internal/ui/components/compose_form.go:731.58,733.3 1 1
github.com/ybarbara/pombo/internal/ui/components/compose_form.go:734.2,736.24 2 1
github.com/ybarbara/pombo/internal/ui/components/compose_form.go:739.66,741.23 1 0
github.com/ybarbara/pombo/internal/ui/components/compose_form.go:741.23,743.33 2 0
github.com/ybarbara/pombo/internal/ui/components/compose_form.go:743.33,745.4 1 0
github.com/ybarbara/pombo/internal/ui/components/compose_form.go:746.3,746.50 1 0
github.com/ybarbara/pombo/internal/ui/components/compose_form.go:749.2,749.23 1 0
github.com/ybarbara/pombo/internal/ui/components/compose_form.go:749.23,751.33 2 0
github.com/ybarbara/pombo/internal/ui/components/compose_form.go:751.33,753.4 1 0
github.com/ybarbara/pombo/internal/ui/components/compose_form.go:754.3,755.19 2 0
github.com/ybarbara/pombo/internal/ui/components/compose_form.go:758.2,758.24 1 0
github.com/ybarbara/pombo/internal/ui/components/compose_form.go:758.24,760.34 2 0
github.com/ybarbara/pombo/internal/ui/components/compose_form.go:760.34,762.4 1 0
github.com/ybarbara/pombo/internal/ui/components/compose_form.go:763.3,764.20 2 0
github.com/ybarbara/pombo/internal/ui/components/compose_form.go:767.2,772.24 5 0
github.com/ybarbara/pombo/internal/ui/components/compose_form.go:775.43,776.23 1 0
github.com/ybarbara/pombo/internal/ui/components/compose_form.go:776.23,778.3 1 0
github.com/ybarbara/pombo/internal/ui/components/compose_form.go:781.2,787.44 3 0
github.com/ybarbara/pombo/internal/ui/components/compose_form.go:791.48,795.2 1 1
github.com/ybarbara/pombo/internal/ui/components/compose_form.go:797.44,801.44 2 1
github.com/ybarbara/pombo/internal/ui/components/compose_form.go:801.44,804.3 2 1
github.com/ybarbara/pombo/internal/ui/components/compose_form.go:806.2,806.49 1 1
github.com/ybarbara/pombo/internal/ui/components/compose_form.go:806.49,809.3 2 1
github.com/ybarbara/pombo/internal/ui/components/compose_form.go:812.2,812.47 1 1
github.com/ybarbara/pombo/internal/ui/components/compose_form.go:812.47,815.3 2 1
github.com/ybarbara/pombo/internal/ui/components/compose_form.go:817.2,817.38 1 1
github.com/ybarbara/pombo/internal/ui/components/compose_form.go:817.38,818.48 1 0
github.com/ybarbara/pombo/internal/ui/components/compose_form.go:818.48,821.4 2 0
github.com/ybarbara/pombo/internal/ui/components/compose_form.go:824.2,824.40 1 1
github.com/ybarbara/pombo/internal/ui/components/compose_form.go:824.40,825.49 1 0
github.com/ybarbara/pombo/internal/ui/components/compose_form.go:825.49,828.4 2 0
github.com/ybarbara/pombo/internal/ui/components/compose_form.go:831.2,831.13 1 1
github.com/ybarbara/pombo/internal/ui/components/compose_form.go:834.70,835.21 1 1
github.com/ybarbara/pombo/internal/ui/components/compose_form.go:835.21,837.3 1 0
github.com/ybarbara/pombo/internal/ui/components/compose_form.go:840.2,844.29 3 1
github.com/ybarbara/pombo/internal/ui/components/compose_form.go:844.29,846.50 2 1
github.com/ybarbara/pombo/internal/ui/components/compose_form.go:846.50,848.4 1 1
github.com/ybarbara/pombo/internal/ui/components/compose_form.go:851.2,851.13 1 1
github.com/ybarbara/pombo/internal/ui/components/compose_form.go:854.42,860.2 1 1
github.com/ybarbara/pombo/internal/ui/components/compose_form.go:862.85,863.21 1 1
github.com/ybarbara/pombo/internal/ui/components/compose_form.go:863.21,865.3 1 1
github.com/ybarbara/pombo/internal/ui/components/compose_form.go:867.2,870.29 3 1
github.com/ybarbara/pombo/internal/ui/components/compose_form.go:870.29,872.17 2 1
github.com/ybarbara/pombo/internal/ui/components/compose_form.go:872.17,877.4 1 1
github.com/ybarbara/pombo/internal/ui/components/compose_form.go:880.2,880.15 1 1
github.com/ybarbara/pombo/internal/ui/components/compose_form.go:884.117,887.16 3 0
github.com/ybarbara/pombo/internal/ui/components/compose_form.go:887.16,889.3 1 0
github.com/ybarbara/pombo/internal/ui/components/compose_form.go:890.2,890.20 1 0
github.com/ybarbara/pombo/internal/ui/components/compose_form.go:894.32,896.2 1 0
github.com/ybarbara/pombo/internal/ui/components/compose_form.go:899.31,901.2 1 0
github.com/ybarbara/pombo/internal/ui/components/compose_form.go:904.51,908.2 3 1
github.com/ybarbara/pombo/internal/ui/components/compose_form.go:911.46,912.24 1 1
github.com/ybarbara/pombo/internal/ui/components/compose_form.go:912.24,914.3 1 0
github.com/ybarbara/pombo/internal/ui/components/compose_form.go:916.2,919.24 3 1
github.com/ybarbara/pombo/internal/ui/components/compose_form.go:919.24,930.83 2 0
github.com/ybarbara/pombo/internal/ui/components/compose_form.go:930.83,933.4 2 0
github.com/ybarbara/pombo/internal/ui/components/compose_form.go:935.3,936.17 2 0
github.com/ybarbara/pombo/internal/ui/components/compose_form.go:936.17,938.4 1 0
github.com/ybarbara/pombo/internal/ui/components/compose_form.go:940.3,940.26 1 0
github.com/ybarbara/pombo/internal/ui/components/compose_form.go:944.44,945.22 1 0
github.com/ybarbara/pombo/internal/ui/components/compose_form.go:945.22,947.3 1 0
github.com/ybarbara/pombo/internal/ui/components/compose_form.go:949.2,952.24 3 0
github.com/ybarbara/pombo/internal/ui/components/compose_form.go:952.24,968.3 2 0
github.com/ybarbara/pombo/internal/ui/components/compose_form.go:971.48,972.24 1 0
github.com/ybarbara/pombo/internal/ui/components/compose_form.go:972.24,984.3 2 0
github.com/ybarbara/pombo/internal/ui/components/compose_form.go:987.41,989.36 1 0
github.com/ybarbara/pombo/internal/ui/components/compose_form.go:989.36,992.19 1 0
github.com/ybarbara/pombo/internal/ui/components/compose_form.go:992.19,994.5 1 0
github.com/ybarbara/pombo/internal/ui/components/compose_form.go:998.2,998.24 1 0
github.com/ybarbara/pombo/internal/ui/components/compose_form.go:998.24,1000.3 1 0
github.com/ybarbara/pombo/internal/ui/components/folder_tree.go:27.49,62.2 1 1
github.com/ybarbara/pombo/internal/ui/components/folder_tree.go:94.63,104.2 1 1
github.com/ybarbara/pombo/internal/ui/components/folder_tree.go:107.38,109.2 1 0
github.com/ybarbara/pombo/internal/ui/components/folder_tree.go:112.66,113.27 1 0
github.com/ybarbara/pombo/internal/ui/components/folder_tree.go:114.25,117.17 3 0
github.com/ybarbara/pombo/internal/ui/components/folder_tree.go:119.18,120.18 1 0
github.com/ybarbara/pombo/internal/ui/components/folder_tree.go:120.18,122.4 1 0
github.com/ybarbara/pombo/internal/ui/components/folder_tree.go:124.3,124.10 1 0
github.com/ybarbara/pombo/internal/ui/components/folder_tree.go:125.39,126.26 1 0
github.com/ybarbara/pombo/internal/ui/components/folder_tree.go:126.26,129.5 2 0
github.com/ybarbara/pombo/internal/ui/components/folder_tree.go:130.4,130.18 1 0
github.com/ybarbara/pombo/internal/ui/components/folder_tree.go:132.41,133.43 1 0
github.com/ybarbara/pombo/internal/ui/components/folder_tree.go:133.43,136.5 2 0
github.com/ybarbara/pombo/internal/ui/components/folder_tree.go:137.4,137.18 1 0
github.com/ybarbara/pombo/internal/ui/components/folder_tree.go:139.43,140.32 1 0
github.com/ybarbara/pombo/internal/ui/components/folder_tree.go:142.43,144.18 2 0
github.com/ybarbara/pombo/internal/ui/components/folder_tree.go:146.45,148.18 2 0
github.com/ybarbara/pombo/internal/ui/components/folder_tree.go:150.44,151.34 1 0
github.com/ybarbara/pombo/internal/ui/components/folder_tree.go:153.46,155.18 1 0
github.com/ybarbara/pombo/internal/ui/components/folder_tree.go:157.43,159.18 1 0
github.com/ybarbara/pombo/internal/ui/components/folder_tree.go:162.30,164.19 1 0
github.com/ybarbara/pombo/internal/ui/components/folder_tree.go:165.43,166.37 1 0
github.com/ybarbara/pombo/internal/ui/components/folder_tree.go:166.37,168.5 1 0
github.com/ybarbara/pombo/internal/ui/components/folder_tree.go:171.26,173.33 2 0
github.com/ybarbara/pombo/internal/ui/components/folder_tree.go:175.27,181.17 6 0
github.com/ybarbara/pombo/internal/ui/components/folder_tree.go:183.29,186.17 3 0
github.com/ybarbara/pombo/internal/ui/components/folder_tree.go:189.2,189.16 1 0
github.com/ybarbara/pombo/internal/ui/components/folder_tree.go:193.37,194.37 1 1
github.com/ybarbara/pombo/internal/ui/components/folder_tree.go:194.37,196.3 1 0
github.com/ybarbara/pombo/internal/ui/components/folder_tree.go:198.2,202.16 3 1
github.com/ybarbara/pombo/internal/ui/components/folder_tree.go:202.16,204.3 1 0
github.com/ybarbara/pombo/internal/ui/components/folder_tree.go:206.2,211.20 4 1
github.com/ybarbara/pombo/internal/ui/components/folder_tree.go:211.20,215.3 3 0
github.com/ybarbara/pombo/internal/ui/components/folder_tree.go:218.2,218.65 1 1
github.com/ybarbara/pombo/internal/ui/components/folder_tree.go:218.65,223.3 4 1
github.com/ybarbara/pombo/internal/ui/components/folder_tree.go:226.2,226.27 1 1
github.com/ybarbara/pombo/internal/ui/components/folder_tree.go:226.27,227.18 1 0
github.com/ybarbara/pombo/internal/ui/components/folder_tree.go:227.18,230.4 2 0
github.com/ybarbara/pombo/internal/ui/components/folder_tree.go:231.8,234.21 2 1
github.com/ybarbara/pombo/internal/ui/components/folder_tree.go:234.21,236.4 1 0
github.com/ybarbara/pombo/internal/ui/components/folder_tree.go:237.3,237.17 1 1
github.com/ybarbara/pombo/internal/ui/components/folder_tree.go:237.17,239.4 1 0
github.com/ybarbara/pombo/internal/ui/components/folder_tree.go:241.3,246.41 4 1
github.com/ybarbara/pombo/internal/ui/components/folder_tree.go:246.41,247.43 1 0
github.com/ybarbara/pombo/internal/ui/components/folder_tree.go:247.43,250.34 3 0
github.com/ybarbara/pombo/internal/ui/components/folder_tree.go:250.34,253.6 2 0
github.com/ybarbara/pombo/internal/ui/components/folder_tree.go:254.10,256.5 1 0
github.com/ybarbara/pombo/internal/ui/components/folder_tree.go:259.3,259.38 1 1
github.com/ybarbara/pombo/internal/ui/components/folder_tree.go:259.38,260.28 1 1
github.com/ybarbara/pombo/internal/ui/components/folder_tree.go:260.28,264.5 3 1
github.com/ybarbara/pombo/internal/ui/components/folder_tree.go:269.2,269.16 1 1
github.com/ybarbara/pombo/internal/ui/components/folder_tree.go:269.16,273.3 3 0
github.com/ybarbara/pombo/internal/ui/components/folder_tree.go:276.2,280.16 2 1
github.com/ybarbara/pombo/internal/ui/components/folder_tree.go:280.16,283.3 1 0
github.com/ybarbara/pombo/internal/ui/components/folder_tree.go:285.2,285.48 1 1
github.com/ybarbara/pombo/internal/ui/components/folder_tree.go:289.84,297.28 4 1
github.com/ybarbara/pombo/internal/ui/components/folder_tree.go:297.28,298.20 1 0
[...]
github.com/ybarbara/pombo/internal/email/errors.go:45.2,45.48 1 1
github.com/ybarbara/pombo/internal/email/errors.go:49.37,51.2 1 1
github.com/ybarbara/pombo/internal/email/errors.go:54.44,55.17 1 1
github.com/ybarbara/pombo/internal/email/errors.go:55.17,57.3 1 0
github.com/ybarbara/pombo/internal/email/errors.go:59.2,60.34 2 1
github.com/ybarbara/pombo/internal/email/errors.go:60.34,62.3 1 1
github.com/ybarbara/pombo/internal/email/errors.go:64.2,64.14 1 1
github.com/ybarbara/pombo/internal/email/errors.go:88.37,89.12 1 1
github.com/ybarbara/pombo/internal/email/errors.go:90.24,91.19 1 1
github.com/ybarbara/pombo/internal/email/errors.go:92.21,93.26 1 1
github.com/ybarbara/pombo/internal/email/errors.go:94.25,95.20 1 1
github.com/ybarbara/pombo/internal/email/errors.go:96.22,97.17 1 1
github.com/ybarbara/pombo/internal/email/errors.go:98.23,99.18 1 1
github.com/ybarbara/pombo/internal/email/errors.go:100.23,101.18 1 1
github.com/ybarbara/pombo/internal/email/errors.go:102.24,103.19 1 1
github.com/ybarbara/pombo/internal/email/errors.go:104.26,105.22 1 1
github.com/ybarbara/pombo/internal/email/errors.go:106.25,107.20 1 1
github.com/ybarbara/pombo/internal/email/errors.go:108.27,109.22 1 1
github.com/ybarbara/pombo/internal/email/errors.go:110.25,111.21 1 1
github.com/ybarbara/pombo/internal/email/errors.go:112.27,113.22 1 1
github.com/ybarbara/pombo/internal/email/errors.go:114.30,115.25 1 1
github.com/ybarbara/pombo/internal/email/errors.go:116.10,117.19 1 1
github.com/ybarbara/pombo/internal/email/errors.go:191.102,200.2 1 1
github.com/ybarbara/pombo/internal/email/errors.go:203.96,204.16 1 1
github.com/ybarbara/pombo/internal/email/errors.go:204.16,206.3 1 1
github.com/ybarbara/pombo/internal/email/errors.go:209.2,210.31 2 1
github.com/ybarbara/pombo/internal/email/errors.go:210.31,223.3 1 1
github.com/ybarbara/pombo/internal/email/errors.go:225.2,232.3 1 1
github.com/ybarbara/pombo/internal/email/errors.go:236.73,238.2 1 0
github.com/ybarbara/pombo/internal/email/errors.go:241.61,242.16 1 0
github.com/ybarbara/pombo/internal/email/errors.go:242.16,244.3 1 0
github.com/ybarbara/pombo/internal/email/errors.go:247.2,248.31 2 0
github.com/ybarbara/pombo/internal/email/errors.go:248.31,250.3 1 0
github.com/ybarbara/pombo/internal/email/errors.go:253.2,253.60 1 0
github.com/ybarbara/pombo/internal/email/errors.go:257.92,271.2 1 1
github.com/ybarbara/pombo/internal/email/errors.go:274.67,288.2 1 1
github.com/ybarbara/pombo/internal/email/errors.go:291.34,293.31 2 1
github.com/ybarbara/pombo/internal/email/errors.go:293.31,295.3 1 1
github.com/ybarbara/pombo/internal/email/errors.go:298.2,298.48 1 1
github.com/ybarbara/pombo/internal/email/errors.go:298.48,300.3 1 1
github.com/ybarbara/pombo/internal/email/errors.go:302.2,302.14 1 1
github.com/ybarbara/pombo/internal/email/errors.go:306.34,311.34 2 1
github.com/ybarbara/pombo/internal/email/errors.go:311.34,313.3 1 0
github.com/ybarbara/pombo/internal/email/errors.go:315.2,315.25 1 1
github.com/ybarbara/pombo/internal/email/errors.go:319.40,321.31 2 1
github.com/ybarbara/pombo/internal/email/errors.go:321.31,323.3 1 1
github.com/ybarbara/pombo/internal/email/errors.go:326.2,326.25 1 1
github.com/ybarbara/pombo/internal/email/errors.go:326.25,328.3 1 1
github.com/ybarbara/pombo/internal/email/errors.go:329.2,329.25 1 1
github.com/ybarbara/pombo/internal/email/errors.go:329.25,331.3 1 1
github.com/ybarbara/pombo/internal/email/errors.go:332.2,332.22 1 1
github.com/ybarbara/pombo/internal/email/errors.go:332.22,334.3 1 1
github.com/ybarbara/pombo/internal/email/errors.go:336.2,336.25 1 1
github.com/ybarbara/pombo/internal/email/errors.go:341.37,342.16 1 1
github.com/ybarbara/pombo/internal/email/errors.go:342.16,344.3 1 1
github.com/ybarbara/pombo/internal/email/errors.go:346.2,347.29 2 1
github.com/ybarbara/pombo/internal/email/errors.go:347.29,349.3 1 1
github.com/ybarbara/pombo/internal/email/errors.go:352.2,361.42 3 1
github.com/ybarbara/pombo/internal/email/errors.go:361.42,362.40 1 1
github.com/ybarbara/pombo/internal/email/errors.go:362.40,364.4 1 1
github.com/ybarbara/pombo/internal/email/errors.go:367.2,367.14 1 1
github.com/ybarbara/pombo/internal/email/errors.go:370.37,371.16 1 1
github.com/ybarbara/pombo/internal/email/errors.go:371.16,373.3 1 1
github.com/ybarbara/pombo/internal/email/errors.go:375.2,376.49 2 1
github.com/ybarbara/pombo/internal/email/errors.go:376.49,378.3 1 1
github.com/ybarbara/pombo/internal/email/errors.go:380.2,388.42 3 1
github.com/ybarbara/pombo/internal/email/errors.go:388.42,389.40 1 1
github.com/ybarbara/pombo/internal/email/errors.go:389.40,391.4 1 1
github.com/ybarbara/pombo/internal/email/errors.go:394.2,394.14 1 1
github.com/ybarbara/pombo/internal/email/errors.go:397.34,398.16 1 1
github.com/ybarbara/pombo/internal/email/errors.go:398.16,400.3 1 0
github.com/ybarbara/pombo/internal/email/errors.go:402.2,412.39 3 1
github.com/ybarbara/pombo/internal/email/errors.go:412.39,413.40 1 1
github.com/ybarbara/pombo/internal/email/errors.go:413.40,415.4 1 1
github.com/ybarbara/pombo/internal/email/errors.go:418.2,418.14 1 1
github.com/ybarbara/pombo/internal/email/errors.go:422.34,424.31 2 1
github.com/ybarbara/pombo/internal/email/errors.go:424.31,426.3 1 0
github.com/ybarbara/pombo/internal/email/errors.go:428.2,428.25 1 1
github.com/ybarbara/pombo/internal/email/errors.go:432.37,434.31 2 1
github.com/ybarbara/pombo/internal/email/errors.go:434.31,436.3 1 0
github.com/ybarbara/pombo/internal/email/errors.go:438.2,438.28 1 1
github.com/ybarbara/pombo/internal/email/errors.go:442.37,444.31 2 1
github.com/ybarbara/pombo/internal/email/errors.go:444.31,446.3 1 0
github.com/ybarbara/pombo/internal/email/errors.go:448.2,448.28 1 1
github.com/ybarbara/pombo/internal/email/errors.go:461.38,469.2 1 1
github.com/ybarbara/pombo/internal/email/errors.go:472.65,473.29 1 1
github.com/ybarbara/pombo/internal/email/errors.go:473.29,475.3 1 1
github.com/ybarbara/pombo/internal/email/errors.go:477.2,477.25 1 1
github.com/ybarbara/pombo/internal/email/errors.go:481.65,482.18 1 1
github.com/ybarbara/pombo/internal/email/errors.go:482.18,484.3 1 1
github.com/ybarbara/pombo/internal/email/errors.go:487.2,490.21 2 1
github.com/ybarbara/pombo/internal/email/errors.go:490.21,494.3 3 1
github.com/ybarbara/pombo/internal/email/errors.go:497.2,497.24 1 1
github.com/ybarbara/pombo/internal/email/errors.go:497.24,499.3 1 1
github.com/ybarbara/pombo/internal/email/errors.go:501.2,501.14 1 1
github.com/ybarbara/pombo/internal/email/errors.go:505.67,506.16 1 1
github.com/ybarbara/pombo/internal/email/errors.go:506.16,508.3 1 1
github.com/ybarbara/pombo/internal/email/errors.go:510.2,511.32 2 1
github.com/ybarbara/pombo/internal/email/errors.go:511.32,514.3 1 0
github.com/ybarbara/pombo/internal/email/errors.go:517.2,517.23 1 1
github.com/ybarbara/pombo/internal/email/errors.go:518.21,519.87 1 1
github.com/ybarbara/pombo/internal/email/errors.go:519.87,521.4 1 1
github.com/ybarbara/pombo/internal/email/errors.go:522.3,522.27 1 1
github.com/ybarbara/pombo/internal/email/errors.go:524.42,525.34 1 1
github.com/ybarbara/pombo/internal/email/errors.go:525.34,527.4 1 1
github.com/ybarbara/pombo/internal/email/errors.go:528.3,528.30 1 1
github.com/ybarbara/pombo/internal/email/errors.go:530.26,531.28 1 1
github.com/ybarbara/pombo/internal/email/errors.go:533.22,534.31 1 1
github.com/ybarbara/pombo/internal/email/errors.go:536.30,537.31 1 0
github.com/ybarbara/pombo/internal/email/errors.go:539.10,540.34 1 1
github.com/ybarbara/pombo/internal/email/errors.go:540.34,542.4 1 1
github.com/ybarbara/pombo/internal/email/errors.go:543.3,543.25 1 1
github.com/ybarbara/pombo/internal/email/errors.go:562.39,563.12 1 1
github.com/ybarbara/pombo/internal/email/errors.go:564.23,565.16 1 1
github.com/ybarbara/pombo/internal/email/errors.go:566.24,567.17 1 1
github.com/ybarbara/pombo/internal/email/errors.go:568.28,569.21 1 1
github.com/ybarbara/pombo/internal/email/errors.go:570.25,571.18 1 1
github.com/ybarbara/pombo/internal/email/errors.go:572.30,573.24 1 1
github.com/ybarbara/pombo/internal/email/errors.go:574.26,575.19 1 1
github.com/ybarbara/pombo/internal/email/errors.go:576.29,577.23 1 1
github.com/ybarbara/pombo/internal/email/errors.go:578.23,579.16 1 1
github.com/ybarbara/pombo/internal/email/errors.go:580.10,581.19 1 0
github.com/ybarbara/pombo/internal/email/pool.go:52.123,53.19 1 1
github.com/ybarbara/pombo/internal/email/pool.go:53.19,62.3 1 0
github.com/ybarbara/pombo/internal/email/pool.go:64.2,73.13 2 1
github.com/ybarbara/pombo/internal/email/pool.go:77.60,81.16 3 1
github.com/ybarbara/pombo/internal/email/pool.go:81.16,83.3 1 0
github.com/ybarbara/pombo/internal/email/pool.go:86.2,92.12 4 1
github.com/ybarbara/pombo/internal/email/pool.go:96.59,100.17 3 1
github.com/ybarbara/pombo/internal/email/pool.go:100.17,102.3 1 1
github.com/ybarbara/pombo/internal/email/pool.go:104.2,107.23 3 1
github.com/ybarbara/pombo/internal/email/pool.go:107.23,109.3 1 1
github.com/ybarbara/pombo/internal/email/pool.go:112.2,112.30 1 1
github.com/ybarbara/pombo/internal/email/pool.go:116.101,119.17 2 1
github.com/ybarbara/pombo/internal/email/pool.go:119.17,123.3 2 1
github.com/ybarbara/pombo/internal/email/pool.go:124.2,128.16 3 1
github.com/ybarbara/pombo/internal/email/pool.go:128.16,131.3 1 1
github.com/ybarbara/pombo/internal/email/pool.go:134.2,135.16 2 1
github.com/ybarbara/pombo/internal/email/pool.go:135.16,138.3 1 1
github.com/ybarbara/pombo/internal/email/pool.go:141.2,143.20 2 1
github.com/ybarbara/pombo/internal/email/pool.go:147.69,152.13 4 1
github.com/ybarbara/pombo/internal/email/pool.go:152.13,155.3 1 1
github.com/ybarbara/pombo/internal/email/pool.go:157.2,158.16 2 1
github.com/ybarbara/pombo/internal/email/pool.go:158.16,160.3 1 1
github.com/ybarbara/pombo/internal/email/pool.go:162.2,162.12 1 1
github.com/ybarbara/pombo/internal/email/pool.go:166.67,171.13 4 1
github.com/ybarbara/pombo/internal/email/pool.go:171.13,174.3 1 1
github.com/ybarbara/pombo/internal/email/pool.go:176.2,177.16 2 1
github.com/ybarbara/pombo/internal/email/pool.go:177.16,179.3 1 1
github.com/ybarbara/pombo/internal/email/pool.go:181.2,181.12 1 1
github.com/ybarbara/pombo/internal/email/pool.go:185.44,190.2 3 1
github.com/ybarbara/pombo/internal/email/pool.go:193.52,196.47 2 1
github.com/ybarbara/pombo/internal/email/pool.go:196.47,197.48 1 1
github.com/ybarbara/pombo/internal/email/pool.go:197.48,200.4 1 0
github.com/ybarbara/pombo/internal/email/pool.go:204.2,207.19 3 1
github.com/ybarbara/pombo/internal/email/pool.go:207.19,211.3 1 0
github.com/ybarbara/pombo/internal/email/pool.go:213.2,213.12 1 1
github.com/ybarbara/pombo/internal/email/pool.go:217.84,222.13 4 1
github.com/ybarbara/pombo/internal/email/pool.go:222.13,225.3 1 1
github.com/ybarbara/pombo/internal/email/pool.go:227.2,227.37 1 1
github.com/ybarbara/pombo/internal/email/pool.go:231.83,236.13 4 1
github.com/ybarbara/pombo/internal/email/pool.go:236.13,242.3 1 1
github.com/ybarbara/pombo/internal/email/pool.go:244.2,244.32 1 1
github.com/ybarbara/pombo/internal/email/pool.go:248.53,259.32 8 1
github.com/ybarbara/pombo/internal/email/pool.go:259.32,266.3 6 1
github.com/ybarbara/pombo/internal/email/pool.go:269.2,270.23 2 1
github.com/ybarbara/pombo/internal/email/pool.go:270.23,272.3 1 1
github.com/ybarbara/pombo/internal/email/pool.go:275.2,276.51 2 1
github.com/ybarbara/pombo/internal/email/pool.go:276.51,278.3 1 0
github.com/ybarbara/pombo/internal/email/pool.go:280.2,287.3 1 1
github.com/ybarbara/pombo/internal/email/pool.go:291.67,292.19 1 1
github.com/ybarbara/pombo/internal/email/pool.go:292.19,294.3 1 1
github.com/ybarbara/pombo/internal/email/pool.go:296.2,300.32 3 1
github.com/ybarbara/pombo/internal/email/pool.go:300.32,302.3 1 1
github.com/ybarbara/pombo/internal/email/pool.go:303.2,303.35 1 1
github.com/ybarbara/pombo/internal/email/pool.go:303.35,305.3 1 1
github.com/ybarbara/pombo/internal/email/pool.go:306.2,306.55 1 1
github.com/ybarbara/pombo/internal/email/pool.go:306.55,308.3 1 1
github.com/ybarbara/pombo/internal/email/pool.go:310.2,314.37 3 1
github.com/ybarbara/pombo/internal/email/pool.go:314.37,317.3 2 1
github.com/ybarbara/pombo/internal/email/pool.go:319.2,319.12 1 1
github.com/ybarbara/pombo/internal/email/pool.go:323.111,325.49 2 1
github.com/ybarbara/pombo/internal/email/pool.go:325.49,328.3 2 1
github.com/ybarbara/pombo/internal/email/pool.go:329.2,336.49 4 1
github.com/ybarbara/pombo/internal/email/pool.go:336.49,338.3 1 0
github.com/ybarbara/pombo/internal/email/pool.go:342.2,343.70 1 1
github.com/ybarbara/pombo/internal/email/pool.go:347.99,351.47 3 1
github.com/ybarbara/pombo/internal/email/pool.go:351.47,354.3 1 1
github.com/ybarbara/pombo/internal/email/pool.go:357.2,358.16 2 1
github.com/ybarbara/pombo/internal/email/pool.go:358.16,362.3 1 1
github.com/ybarbara/pombo/internal/email/pool.go:365.2,377.12 3 1
github.com/ybarbara/pombo/internal/email/pool.go:381.65,386.13 4 1
github.com/ybarbara/pombo/internal/email/pool.go:386.13,389.3 1 1
github.com/ybarbara/pombo/internal/email/pool.go:392.2,392.40 1 1
github.com/ybarbara/pombo/internal/email/pool.go:392.40,396.3 1 0
github.com/ybarbara/pombo/internal/email/pool.go:398.2,399.12 2 1
github.com/ybarbara/pombo/internal/email/pool.go:403.62,404.15 1 1
github.com/ybarbara/pombo/internal/email/pool.go:404.15,405.24 1 1
github.com/ybarbara/pombo/internal/email/pool.go:405.24,407.4 1 1
github.com/ybarbara/pombo/internal/email/pool.go:410.2,410.6 1 1
github.com/ybarbara/pombo/internal/email/pool.go:410.6,411.10 1 1
github.com/ybarbara/pombo/internal/email/pool.go:412.21,413.10 1 0
github.com/ybarbara/pombo/internal/email/pool.go:414.22,415.10 1 1
github.com/ybarbara/pombo/internal/email/pool.go:416.23,417.26 1 1
github.com/ybarbara/pombo/internal/email/pool.go:423.63,426.32 3 1
github.com/ybarbara/pombo/internal/email/pool.go:426.32,428.3 1 1
github.com/ybarbara/pombo/internal/email/pool.go:429.2,432.29 2 1
github.com/ybarbara/pombo/internal/email/pool.go:432.29,433.54 1 1
github.com/ybarbara/pombo/internal/email/pool.go:433.54,436.4 1 0
github.com/ybarbara/pombo/internal/email/pool.go:441.51,444.2 0 1
github.com/ybarbara/pombo/internal/email/pool.go:447.51,449.2 0 1
github.com/ybarbara/pombo/internal/email/pool.go:452.49,454.2 0 1
github.com/ybarbara/pombo/internal/email/pool.go:457.40,461.2 1 1
github.com/ybarbara/pombo/internal/email/pool.go:475.129,482.22 4 1
github.com/ybarbara/pombo/internal/email/pool.go:482.22,487.46 3 1
github.com/ybarbara/pombo/internal/email/pool.go:487.46,491.4 2 1
github.com/ybarbara/pombo/internal/email/pool.go:491.9,494.4 1 0
github.com/ybarbara/pombo/internal/email/pool.go:498.2,499.47 2 1
github.com/ybarbara/pombo/internal/email/pool.go:499.47,503.3 1 1
github.com/ybarbara/pombo/internal/email/pool.go:506.2,506.56 1 1
github.com/ybarbara/pombo/internal/email/pool.go:510.132,516.57 3 1
github.com/ybarbara/pombo/internal/email/pool.go:516.57,520.3 1 0
github.com/ybarbara/pombo/internal/email/pool.go:523.2,524.16 2 1
github.com/ybarbara/pombo/internal/email/pool.go:524.16,528.3 1 1
github.com/ybarbara/pombo/internal/email/pool.go:531.2,534.61 2 1
github.com/ybarbara/pombo/internal/email/pool.go:534.61,538.3 1 0
github.com/ybarbara/pombo/internal/email/pool.go:541.2,545.20 4 1
github.com/ybarbara/pombo/internal/email/pool.go:549.89,558.25 2 1
github.com/ybarbara/pombo/internal/email/pool.go:558.25,568.3 1 1
github.com/ybarbara/pombo/internal/email/pool.go:571.2,571.25 1 1
github.com/ybarbara/pombo/internal/email/pool.go:571.25,580.3 1 1
github.com/ybarbara/pombo/internal/email/pool.go:583.2,583.22 1 1
github.com/ybarbara/pombo/internal/email/pool.go:583.22,593.3 1 0
github.com/ybarbara/pombo/internal/email/pool.go:596.2,596.25 1 1
github.com/ybarbara/pombo/internal/email/pool.go:596.25,606.3 1 0
github.com/ybarbara/pombo/internal/email/pool.go:608.2,608.20 1 1
github.com/ybarbara/pombo/internal/email/pool.go:612.124,613.26 1 1
github.com/ybarbara/pombo/internal/email/pool.go:613.26,616.3 1 1
github.com/ybarbara/pombo/internal/email/pool.go:618.2,618.60 1 1
github.com/ybarbara/pombo/internal/email/pool.go:622.111,624.60 1 1
github.com/ybarbara/pombo/internal/email/pool.go:624.60,626.3 1 0
github.com/ybarbara/pombo/internal/email/pool.go:629.2,629.52 1 1
github.com/ybarbara/pombo/internal/email/pool.go:629.52,631.3 1 0
github.com/ybarbara/pombo/internal/email/pool.go:634.2,634.32 1 1
github.com/ybarbara/pombo/internal/email/pool.go:634.32,636.3 1 0
github.com/ybarbara/pombo/internal/email/pool.go:639.2,642.50 3 1
github.com/ybarbara/pombo/internal/email/pool.go:642.50,644.3 1 0
github.com/ybarbara/pombo/internal/email/pool.go:646.2,646.13 1 1
github.com/ybarbara/pombo/internal/email/pool.go:650.50,655.40 3 1
github.com/ybarbara/pombo/internal/email/pool.go:655.40,660.48 2 1
github.com/ybarbara/pombo/internal/email/pool.go:660.48,668.4 2 1
github.com/ybarbara/pombo/internal/email/pool.go:668.9,670.14 1 1
github.com/ybarbara/pombo/internal/email/pool.go:670.14,674.5 3 1
github.com/ybarbara/pombo/internal/email/pool.go:676.3,676.13 1 1
github.com/ybarbara/pombo/internal/email/pool.go:679.2,681.57 1 0
github.com/ybarbara/pombo/internal/email/pool.go:685.48,690.22 3 1
github.com/ybarbara/pombo/internal/email/pool.go:690.22,694.13 3 0
github.com/ybarbara/pombo/internal/email/pool.go:694.13,698.4 3 0
github.com/ybarbara/pombo/internal/email/pool.go:699.3,699.13 1 0
github.com/ybarbara/pombo/internal/email/pool.go:703.2,703.40 1 1
github.com/ybarbara/pombo/internal/email/pool.go:703.40,705.13 2 1
github.com/ybarbara/pombo/internal/email/pool.go:705.13,709.4 3 1
github.com/ybarbara/pombo/internal/email/pool.go:710.3,710.13 1 1
github.com/ybarbara/pombo/internal/email/pool.go:713.2,715.55 1 0
github.com/ybarbara/pombo/internal/email/pool.go:719.41,726.40 4 1
github.com/ybarbara/pombo/internal/email/pool.go:726.40,727.53 1 1
github.com/ybarbara/pombo/internal/email/pool.go:727.53,730.4 1 0
github.com/ybarbara/pombo/internal/email/pool.go:734.2,734.31 1 1
github.com/ybarbara/pombo/internal/email/pool.go:734.31,735.58 1 1
github.com/ybarbara/pombo/internal/email/pool.go:735.58,738.4 1 0
github.com/ybarbara/pombo/internal/email/pool.go:742.2,745.19 3 1
github.com/ybarbara/pombo/internal/email/pool.go:745.19,750.3 1 0
github.com/ybarbara/pombo/internal/email/pool.go:752.2,752.12 1 1
github.com/ybarbara/pombo/internal/email/pool.go:756.67,761.2 3 1
github.com/ybarbara/pombo/internal/email/pool.go:764.63,771.40 4 1
github.com/ybarbara/pombo/internal/email/pool.go:771.40,772.42 1 1
github.com/ybarbara/pombo/internal/email/pool.go:772.42,775.4 1 0
github.com/ybarbara/pombo/internal/email/pool.go:779.2,779.31 1 1
github.com/ybarbara/pombo/internal/email/pool.go:779.31,780.47 1 0
github.com/ybarbara/pombo/internal/email/pool.go:780.47,783.4 1 0
github.com/ybarbara/pombo/internal/email/pool.go:786.2,786.19 1 1
github.com/ybarbara/pombo/internal/email/pool.go:786.19,791.3 1 0
github.com/ybarbara/pombo/internal/email/pool.go:793.2,793.12 1 1
github.com/ybarbara/pombo/internal/email/pool.go:797.54,815.2 5 1
github.com/ybarbara/pombo/internal/email/pool.go:818.49,829.2 3 1
github.com/ybarbara/pombo/internal/email/pool.go:832.79,841.31 6 1
github.com/ybarbara/pombo/internal/email/pool.go:841.31,843.58 1 1
github.com/ybarbara/pombo/internal/email/pool.go:843.58,845.59 1 1
github.com/ybarbara/pombo/internal/email/pool.go:845.59,847.5 1 0
github.com/ybarbara/pombo/internal/email/pool.go:848.9,850.4 1 1
github.com/ybarbara/pombo/internal/email/pool.go:852.2,855.40 2 1
github.com/ybarbara/pombo/internal/email/pool.go:855.40,858.28 1 0
github.com/ybarbara/pombo/internal/email/pool.go:858.28,860.54 2 0
github.com/ybarbara/pombo/internal/email/pool.go:860.54,862.5 1 0
github.com/ybarbara/pombo/internal/email/pool.go:866.2,866.19 1 1
github.com/ybarbara/pombo/internal/email/pool.go:866.19,871.3 1 0
github.com/ybarbara/pombo/internal/email/pool.go:873.2,873.12 1 1
github.com/ybarbara/pombo/internal/email/pool.go:877.52,880.2 1 1
